==14777== Memcheck, a memory error detector
==14777== Copyright (C) 2002-2015, and GNU GPL'd, by Julian Seward et al.
==14777== Using Valgrind-3.11.0 and LibVEX; rerun with -h for copyright info
==14777== Command: bin/memoria
==14777== Parent PID: 14776
==14777== 
==14777== Syscall param rt_sigaction(act->sa_mask) points to uninitialised byte(s)
==14777==    at 0x40684E9: __libc_sigaction (sigaction.c:76)
==14777==    by 0x40685CB: sigaction (sigaction.c:40)
==14777==    by 0x804DFC8: signal_init (signal.c:14)
==14777==    by 0x804DFF4: iniciar_signals (signal.c:18)
==14777==    by 0x804D70F: main (main.c:13)
==14777==  Address 0xbed63d44 is on thread 1's stack
==14777==  in frame #0, created by __libc_sigaction (sigaction.c:50)
==14777== 
==14777== Syscall param rt_sigaction(act->sa_mask) points to uninitialised byte(s)
==14777==    at 0x40684E9: __libc_sigaction (sigaction.c:76)
==14777==    by 0x40685CB: sigaction (sigaction.c:40)
==14777==    by 0x804DFC8: signal_init (signal.c:14)
==14777==    by 0x804E006: iniciar_signals (signal.c:19)
==14777==    by 0x804D70F: main (main.c:13)
==14777==  Address 0xbed63d44 is on thread 1's stack
==14777==  in frame #0, created by __libc_sigaction (sigaction.c:50)
==14777== 
==14777== Syscall param rt_sigaction(act->sa_mask) points to uninitialised byte(s)
==14777==    at 0x40684E9: __libc_sigaction (sigaction.c:76)
==14777==    by 0x40685CB: sigaction (sigaction.c:40)
==14777==    by 0x804DFC8: signal_init (signal.c:14)
==14777==    by 0x804E018: iniciar_signals (signal.c:20)
==14777==    by 0x804D70F: main (main.c:13)
==14777==  Address 0xbed63d44 is on thread 1's stack
==14777==  in frame #0, created by __libc_sigaction (sigaction.c:50)
==14777== 
==14777== Syscall param rt_sigaction(act->sa_mask) points to uninitialised byte(s)
==14777==    at 0x40684E9: __libc_sigaction (sigaction.c:76)
==14777==    by 0x40685CB: sigaction (sigaction.c:40)
==14777==    by 0x804DFC8: signal_init (signal.c:14)
==14777==    by 0x804E02A: iniciar_signals (signal.c:21)
==14777==    by 0x804D70F: main (main.c:13)
==14777==  Address 0xbed63d44 is on thread 1's stack
==14777==  in frame #0, created by __libc_sigaction (sigaction.c:50)
==14777== 
==14777== Thread 3:
==14777== Conditional jump or move depends on uninitialised value(s)
==14777==    at 0x804C977: reemplazar_pagina (paginacion.c:173)
==14777==    by 0x804CDD9: pagina_iniciar (paginacion.c:314)
==14777==    by 0x804B618: paginas_agregar (operaciones.c:722)
==14777==    by 0x804A5D3: memalloc (operaciones.c:198)
==14777==    by 0x80499B9: memalloc_comportamiento (clientes.c:146)
==14777==    by 0x804968E: ejecutar_proceso (clientes.c:46)
==14777==    by 0x80495F3: atender_proceso (clientes.c:25)
==14777==    by 0x405E294: start_thread (pthread_create.c:333)
==14777==    by 0x41CE0AD: clone (clone.S:114)
==14777== 
==14777== Syscall param socketcall.send(msg) points to uninitialised byte(s)
==14777==    at 0x4067549: send (send.c:35)
==14777==    by 0x405316B: enviar_buffer (mensajes.c:108)
==14777==    by 0x804D3CB: enviar_pagina_a_swap (paginacion.c:483)
==14777==    by 0x804C9A7: reemplazar_pagina (paginacion.c:177)
==14777==    by 0x804CDD9: pagina_iniciar (paginacion.c:314)
==14777==    by 0x804B618: paginas_agregar (operaciones.c:722)
==14777==    by 0x804A5D3: memalloc (operaciones.c:198)
==14777==    by 0x80499B9: memalloc_comportamiento (clientes.c:146)
==14777==    by 0x804968E: ejecutar_proceso (clientes.c:46)
==14777==    by 0x80495F3: atender_proceso (clientes.c:25)
==14777==    by 0x405E294: start_thread (pthread_create.c:333)
==14777==    by 0x41CE0AD: clone (clone.S:114)
==14777==  Address 0x42a62e9 is 9 bytes inside a block of size 16 alloc'd
==14777==    at 0x402C17C: malloc (in /usr/lib/valgrind/vgpreload_memcheck-x86-linux.so)
==14777==    by 0x804D385: enviar_pagina_a_swap (paginacion.c:480)
==14777==    by 0x804C9A7: reemplazar_pagina (paginacion.c:177)
==14777==    by 0x804CDD9: pagina_iniciar (paginacion.c:314)
==14777==    by 0x804B618: paginas_agregar (operaciones.c:722)
==14777==    by 0x804A5D3: memalloc (operaciones.c:198)
==14777==    by 0x80499B9: memalloc_comportamiento (clientes.c:146)
==14777==    by 0x804968E: ejecutar_proceso (clientes.c:46)
==14777==    by 0x80495F3: atender_proceso (clientes.c:25)
==14777==    by 0x405E294: start_thread (pthread_create.c:333)
==14777==    by 0x41CE0AD: clone (clone.S:114)
==14777== 
==14777== Thread 4:
==14777== Conditional jump or move depends on uninitialised value(s)
==14777==    at 0x804C977: reemplazar_pagina (paginacion.c:173)
==14777==    by 0x804CDD9: pagina_iniciar (paginacion.c:314)
==14777==    by 0x804B4E1: heap_init (operaciones.c:680)
==14777==    by 0x804A109: memalloc (operaciones.c:36)
==14777==    by 0x80499B9: memalloc_comportamiento (clientes.c:146)
==14777==    by 0x804968E: ejecutar_proceso (clientes.c:46)
==14777==    by 0x80495F3: atender_proceso (clientes.c:25)
==14777==    by 0x405E294: start_thread (pthread_create.c:333)
==14777==    by 0x41CE0AD: clone (clone.S:114)
==14777== 
==14777== Thread 3:
==14777== Invalid read of size 1
==14777==    at 0x4030F40: memcpy (in /usr/lib/valgrind/vgpreload_memcheck-x86-linux.so)
==14777==    by 0x804C8E4: buscar_en_swap (paginacion.c:157)
==14777==    by 0x804C7C2: nro_marco (paginacion.c:130)
==14777==    by 0x804B181: memoria_escribir (operaciones.c:585)
==14777==    by 0x804AFD5: memwrite (operaciones.c:543)
==14777==    by 0x8049B01: memwrite_comportamiento (clientes.c:180)
==14777==    by 0x80496D0: ejecutar_proceso (clientes.c:58)
==14777==    by 0x80495F3: atender_proceso (clientes.c:25)
==14777==    by 0x405E294: start_thread (pthread_create.c:333)
==14777==    by 0x41CE0AD: clone (clone.S:114)
==14777==  Address 0x42a7810 is 0 bytes after a block of size 16 alloc'd
==14777==    at 0x402C17C: malloc (in /usr/lib/valgrind/vgpreload_memcheck-x86-linux.so)
==14777==    by 0x40530D0: recibir_buffer (mensajes.c:90)
==14777==    by 0x804C8B0: buscar_en_swap (paginacion.c:152)
==14777==    by 0x804C7C2: nro_marco (paginacion.c:130)
==14777==    by 0x804B181: memoria_escribir (operaciones.c:585)
==14777==    by 0x804AFD5: memwrite (operaciones.c:543)
==14777==    by 0x8049B01: memwrite_comportamiento (clientes.c:180)
==14777==    by 0x80496D0: ejecutar_proceso (clientes.c:58)
==14777==    by 0x80495F3: atender_proceso (clientes.c:25)
==14777==    by 0x405E294: start_thread (pthread_create.c:333)
==14777==    by 0x41CE0AD: clone (clone.S:114)
==14777== 
==14777== 
==14777== Process terminating with default action of signal 11 (SIGSEGV)
==14777==  Bad permissions for mapped region at address 0x804FA46
==14777==    at 0x804C919: buscar_en_swap (paginacion.c:161)
==14777==    by 0x804C7C2: nro_marco (paginacion.c:130)
==14777==    by 0x804B181: memoria_escribir (operaciones.c:585)
==14777==    by 0x804AFD5: memwrite (operaciones.c:543)
==14777==    by 0x8049B01: memwrite_comportamiento (clientes.c:180)
==14777==    by 0x80496D0: ejecutar_proceso (clientes.c:58)
==14777==    by 0x80495F3: atender_proceso (clientes.c:25)
==14777==    by 0x405E294: start_thread (pthread_create.c:333)
==14777==    by 0x41CE0AD: clone (clone.S:114)
==14777== 
==14777== HEAP SUMMARY:
==14777==     in use at exit: 1,673 bytes in 75 blocks
==14777==   total heap usage: 346 allocs, 271 frees, 21,275 bytes allocated
==14777== 
==14777== Thread 1:
==14777== 18 bytes in 2 blocks are definitely lost in loss record 18 of 30
==14777==    at 0x402C17C: malloc (in /usr/lib/valgrind/vgpreload_memcheck-x86-linux.so)
==14777==    by 0x804B4A8: heap_init (operaciones.c:673)
==14777==    by 0x804A109: memalloc (operaciones.c:36)
==14777==    by 0x80499B9: memalloc_comportamiento (clientes.c:146)
==14777==    by 0x804968E: ejecutar_proceso (clientes.c:46)
==14777==    by 0x80495F3: atender_proceso (clientes.c:25)
==14777==    by 0x405E294: start_thread (pthread_create.c:333)
==14777==    by 0x41CE0AD: clone (clone.S:114)
==14777== 
==14777== 18 bytes in 2 blocks are definitely lost in loss record 19 of 30
==14777==    at 0x402C17C: malloc (in /usr/lib/valgrind/vgpreload_memcheck-x86-linux.so)
==14777==    by 0x804B041: memoria_leer (operaciones.c:554)
==14777==    by 0x804A8AB: primer_segmento (operaciones.c:318)
==14777==    by 0x804A140: memalloc (operaciones.c:40)
==14777==    by 0x80499B9: memalloc_comportamiento (clientes.c:146)
==14777==    by 0x804968E: ejecutar_proceso (clientes.c:46)
==14777==    by 0x80495F3: atender_proceso (clientes.c:25)
==14777==    by 0x405E294: start_thread (pthread_create.c:333)
==14777==    by 0x41CE0AD: clone (clone.S:114)
==14777== 
==14777== 408 bytes in 3 blocks are possibly lost in loss record 30 of 30
==14777==    at 0x402E0B8: calloc (in /usr/lib/valgrind/vgpreload_memcheck-x86-linux.so)
==14777==    by 0x4011726: allocate_dtv (dl-tls.c:322)
==14777==    by 0x401214B: _dl_allocate_tls (dl-tls.c:539)
==14777==    by 0x405ECC3: allocate_stack (allocatestack.c:588)
==14777==    by 0x405ECC3: pthread_create@@GLIBC_2.1 (pthread_create.c:539)
==14777==    by 0x405F28F: pthread_create@GLIBC_2.0 (pthread_create.c:765)
==14777==    by 0x4053C2D: clientes_administrar (conexiones.c:40)
==14777==    by 0x804D744: main (main.c:19)
==14777== 
==14777== LEAK SUMMARY:
==14777==    definitely lost: 36 bytes in 4 blocks
==14777==    indirectly lost: 0 bytes in 0 blocks
==14777==      possibly lost: 408 bytes in 3 blocks
==14777==    still reachable: 1,229 bytes in 68 blocks
==14777==         suppressed: 0 bytes in 0 blocks
==14777== Reachable blocks (those to which a pointer was found) are not shown.
==14777== To see them, rerun with: --leak-check=full --show-leak-kinds=all
==14777== 
==14777== For counts of detected and suppressed errors, rerun with: -v
==14777== Use --track-origins=yes to see where uninitialised values come from
==14777== ERROR SUMMARY: 14 errors from 11 contexts (suppressed: 0 from 0)
