==13448== Memcheck, a memory error detector
==13448== Copyright (C) 2002-2015, and GNU GPL'd, by Julian Seward et al.
==13448== Using Valgrind-3.11.0 and LibVEX; rerun with -h for copyright info
==13448== Command: bin/kernel
==13448== Parent PID: 13447
==13448== 
==13448== Syscall param rt_sigaction(act->sa_mask) points to uninitialised byte(s)
==13448==    at 0x40684E9: __libc_sigaction (sigaction.c:76)
==13448==    by 0x40685CB: sigaction (sigaction.c:40)
==13448==    by 0x804A19F: signal_init (main.c:15)
==13448==    by 0x804A1D6: main (main.c:22)
==13448==  Address 0xbef84024 is on thread 1's stack
==13448==  in frame #0, created by __libc_sigaction (sigaction.c:50)
==13448== 
==13448== 
==13448== HEAP SUMMARY:
==13448==     in use at exit: 1,035 bytes in 40 blocks
==13448==   total heap usage: 1,912 allocs, 1,872 frees, 54,473 bytes allocated
==13448== 
==13448== 35 bytes in 5 blocks are definitely lost in loss record 7 of 15
==13448==    at 0x402C17C: malloc (in /usr/lib/valgrind/vgpreload_memcheck-x86-linux.so)
==13448==    by 0x41072C5: strdup (strdup.c:42)
==13448==    by 0x4089287: string_duplicate (in /usr/lib/libcommons.so)
==13448==    by 0x804A8C4: receptor (main.c:256)
==13448==    by 0x405E294: start_thread (pthread_create.c:333)
==13448==    by 0x41790AD: clone (clone.S:114)
==13448== 
==13448== 39 bytes in 3 blocks are definitely lost in loss record 8 of 15
==13448==    at 0x402C17C: malloc (in /usr/lib/valgrind/vgpreload_memcheck-x86-linux.so)
==13448==    by 0x41072C5: strdup (strdup.c:42)
==13448==    by 0x408C27A: temporal_get_string_time (in /usr/lib/libcommons.so)
==13448==    by 0x804C2E4: iniciar_planificador_corto_plazo (planificacion.c:92)
==13448==    by 0x804CDB7: iniciar_planificador_largo_plazo (planificacion.c:372)
==13448==    by 0x405E294: start_thread (pthread_create.c:333)
==13448==    by 0x41790AD: clone (clone.S:114)
==13448== 
==13448== 52 bytes in 4 blocks are definitely lost in loss record 9 of 15
==13448==    at 0x402C17C: malloc (in /usr/lib/valgrind/vgpreload_memcheck-x86-linux.so)
==13448==    by 0x41072C5: strdup (strdup.c:42)
==13448==    by 0x408C27A: temporal_get_string_time (in /usr/lib/libcommons.so)
==13448==    by 0x804C2E4: iniciar_planificador_corto_plazo (planificacion.c:92)
==13448==    by 0x8049F4B: gestor_cola_io (io_semaforos.c:268)
==13448==    by 0x405E294: start_thread (pthread_create.c:333)
==13448==    by 0x41790AD: clone (clone.S:114)
==13448== 
==13448== 91 bytes in 7 blocks are definitely lost in loss record 10 of 15
==13448==    at 0x402C17C: malloc (in /usr/lib/valgrind/vgpreload_memcheck-x86-linux.so)
==13448==    by 0x41072C5: strdup (strdup.c:42)
==13448==    by 0x408C27A: temporal_get_string_time (in /usr/lib/libcommons.so)
==13448==    by 0x804C10A: procesador (planificacion.c:51)
==13448==    by 0x405E294: start_thread (pthread_create.c:333)
==13448==    by 0x41790AD: clone (clone.S:114)
==13448== 
==13448== 117 bytes in 9 blocks are definitely lost in loss record 12 of 15
==13448==    at 0x402C17C: malloc (in /usr/lib/valgrind/vgpreload_memcheck-x86-linux.so)
==13448==    by 0x41072C5: strdup (strdup.c:42)
==13448==    by 0x408C27A: temporal_get_string_time (in /usr/lib/libcommons.so)
==13448==    by 0x804BF13: procesador (planificacion.c:24)
==13448==    by 0x405E294: start_thread (pthread_create.c:333)
==13448==    by 0x41790AD: clone (clone.S:114)
==13448== 
==13448== 136 bytes in 1 blocks are possibly lost in loss record 13 of 15
==13448==    at 0x402E0B8: calloc (in /usr/lib/valgrind/vgpreload_memcheck-x86-linux.so)
==13448==    by 0x4011726: allocate_dtv (dl-tls.c:322)
==13448==    by 0x401214B: _dl_allocate_tls (dl-tls.c:539)
==13448==    by 0x405ECC3: allocate_stack (allocatestack.c:588)
==13448==    by 0x405ECC3: pthread_create@@GLIBC_2.1 (pthread_create.c:539)
==13448==    by 0x804B181: inicializar_planificacion (main.c:481)
==13448==    by 0x804A227: main (main.c:31)
==13448== 
==13448== 136 bytes in 1 blocks are possibly lost in loss record 14 of 15
==13448==    at 0x402E0B8: calloc (in /usr/lib/valgrind/vgpreload_memcheck-x86-linux.so)
==13448==    by 0x4011726: allocate_dtv (dl-tls.c:322)
==13448==    by 0x401214B: _dl_allocate_tls (dl-tls.c:539)
==13448==    by 0x405ECC3: allocate_stack (allocatestack.c:588)
==13448==    by 0x405ECC3: pthread_create@@GLIBC_2.1 (pthread_create.c:539)
==13448==    by 0x804BE54: iniciar_cpu (planificacion.c:9)
==13448==    by 0x405E294: start_thread (pthread_create.c:333)
==13448==    by 0x41790AD: clone (clone.S:114)
==13448== 
==13448== 288 bytes in 3 blocks are definitely lost in loss record 15 of 15
==13448==    at 0x402C17C: malloc (in /usr/lib/valgrind/vgpreload_memcheck-x86-linux.so)
==13448==    by 0x804A70C: receptor (main.c:211)
==13448==    by 0x405E294: start_thread (pthread_create.c:333)
==13448==    by 0x41790AD: clone (clone.S:114)
==13448== 
==13448== LEAK SUMMARY:
==13448==    definitely lost: 622 bytes in 31 blocks
==13448==    indirectly lost: 0 bytes in 0 blocks
==13448==      possibly lost: 272 bytes in 2 blocks
==13448==    still reachable: 141 bytes in 7 blocks
==13448==         suppressed: 0 bytes in 0 blocks
==13448== Reachable blocks (those to which a pointer was found) are not shown.
==13448== To see them, rerun with: --leak-check=full --show-leak-kinds=all
==13448== 
==13448== For counts of detected and suppressed errors, rerun with: -v
==13448== Use --track-origins=yes to see where uninitialised values come from
==13448== ERROR SUMMARY: 9 errors from 9 contexts (suppressed: 0 from 0)
