[INFO] 20:25:42:661 Carpincho/(6556:6556): Log creado
[INFO] 20:25:42:661 Carpincho/(6556:6556): Esperando respuesta de servidor
[INFO] 20:25:42:662 Carpincho/(6556:6556): 
NUEVO CARPINCHO

[INFO] 20:25:42:704 Carpincho/(6556:6556): Carpincho creado correctamente con el pid: 1
[INFO] 20:25:42:704 Carpincho/(6556:6556): SEM_INIT
[INFO] 20:25:42:704 Carpincho/(6556:6556): Conectado con memoria. No se puede inicializar semáforo.
[INFO] 20:25:42:705 Carpincho/(6556:6556): envio sem init al kernel.
[INFO] 20:25:42:705 Carpincho/(6556:6556): recibio algo del kernel por sem init 0 .
[INFO] 20:25:42:705 Carpincho/(6556:6556): SEM_INIT
[INFO] 20:25:42:705 Carpincho/(6556:6556): Conectado con memoria. No se puede inicializar semáforo.
[INFO] 20:25:42:705 Carpincho/(6556:6556): envio sem init al kernel.
[INFO] 20:25:42:705 Carpincho/(6556:6556): recibio algo del kernel por sem init 0 .
[INFO] 20:25:42:705 Carpincho/(6556:6556): SEM_INIT
[INFO] 20:25:42:705 Carpincho/(6556:6556): Conectado con memoria. No se puede inicializar semáforo.
[INFO] 20:25:42:705 Carpincho/(6556:6556): envio sem init al kernel.
[INFO] 20:25:42:705 Carpincho/(6556:6556): recibio algo del kernel por sem init 0 .
[INFO] 20:25:42:705 Carpincho/(6556:6556): SEM_INIT
[INFO] 20:25:42:705 Carpincho/(6556:6556): Conectado con memoria. No se puede inicializar semáforo.
[INFO] 20:25:42:705 Carpincho/(6556:6556): envio sem init al kernel.
[INFO] 20:25:42:705 Carpincho/(6556:6556): recibio algo del kernel por sem init 0 .
[INFO] 20:25:42:705 Carpincho/(6556:6556): SEM_INIT
[INFO] 20:25:42:705 Carpincho/(6556:6556): Conectado con memoria. No se puede inicializar semáforo.
[INFO] 20:25:42:706 Carpincho/(6556:6556): envio sem init al kernel.
[INFO] 20:25:42:706 Carpincho/(6556:6556): recibio algo del kernel por sem init 0 .
[INFO] 20:25:42:706 Carpincho/(6556:6556): SEM_INIT
[INFO] 20:25:42:706 Carpincho/(6556:6556): Conectado con memoria. No se puede inicializar semáforo.
[INFO] 20:25:42:706 Carpincho/(6556:6556): envio sem init al kernel.
[INFO] 20:25:42:706 Carpincho/(6556:6556): recibio algo del kernel por sem init 0 .
[INFO] 20:25:42:708 Carpincho/(6556:6559): Log creado
[INFO] 20:25:42:708 Carpincho/(6556:6559): Esperando respuesta de servidor
[INFO] 20:25:42:719 Carpincho/(6556:6559): 
NUEVO CARPINCHO

[INFO] 20:25:43:707 Carpincho/(6556:6564): Log creado
[INFO] 20:25:43:709 Carpincho/(6556:6564): Esperando respuesta de servidor
[INFO] 20:25:43:748 Carpincho/(6556:6564): 
NUEVO CARPINCHO

[INFO] 20:25:44:708 Carpincho/(6556:6569): Log creado
[INFO] 20:25:44:708 Carpincho/(6556:6569): Esperando respuesta de servidor
[INFO] 20:25:44:714 Carpincho/(6556:6569): 
NUEVO CARPINCHO

