[INFO] 10:51:42:584 Memoria/(8585:8585): Tlb Inicializada
[INFO] 10:51:43:996 Memoria/(8585:8723): Se conecto un cliente - Socket: 15
[INFO] 10:51:48:585 Memoria/(8585:8728): Se conecto un cliente - Socket: 16
[INFO] 10:51:48:620 Memoria/(8585:8728): Inicio un proceso - PID: 1 - Socket 16
[INFO] 10:51:48:739 Memoria/(8585:8728): SWAP - Envie  - PID: 1 - PAG: 0
[INFO] 10:51:48:819 Memoria/(8585:8728): SWAP - Recibi - PID: 1 - PAG: 0
[INFO] 10:51:48:859 Memoria/(8585:8728): SWAP - Envie  - PID: 1 - PAG: 1
[INFO] 10:51:48:939 Memoria/(8585:8728): SWAP - Recibi - PID: 1 - PAG: 1
[INFO] 10:51:48:978 Memoria/(8585:8728): SWAP - Envie  - PID: 1 - PAG: 0
[INFO] 10:51:49:059 Memoria/(8585:8728): SWAP - Recibi - PID: 1 - PAG: 0
[INFO] 10:51:49:098 Memoria/(8585:8728): SWAP - Envie  - PID: 1 - PAG: 1
[INFO] 10:51:49:179 Memoria/(8585:8728): SWAP - Recibi - PID: 1 - PAG: 1
[INFO] 10:51:49:303 Memoria/(8585:8728): SWAP - Recibi - PID: 1 - PAG: 0
[INFO] 10:51:49:346 Memoria/(8585:8728): SWAP - Recibi - PID: 1 - PAG: 1
[INFO] 10:51:49:423 Memoria/(8585:8728): Se desconecto un cliente - Socket: 16 - PID: 1
[INFO] 10:53:23:306 Memoria/(9009:9009): Tlb Inicializada
[INFO] 10:54:41:290 Memoria/(9009:9139): Se conecto un cliente - Socket: 5
[INFO] 10:57:08:087 Memoria/(9009:9309): Se conecto un cliente - Socket: 6
[INFO] 10:57:31:998 Memoria/(9009:9309): Inicio un proceso - PID: 1 - Socket 6
[INFO] 11:00:17:062 Memoria/(9629:9629): Tlb Inicializada
[INFO] 11:00:19:120 Memoria/(9629:9636): Se conecto un cliente - Socket: 5
[INFO] 11:00:23:042 Memoria/(9629:9647): Se conecto un cliente - Socket: 6
[INFO] 11:00:23:054 Memoria/(9629:9647): Inicio un proceso - PID: 1 - Socket 6
[INFO] 11:00:23:170 Memoria/(9629:9647): SWAP - Envie  - PID: 1 - PAG: 0
[INFO] 11:07:09:546 Memoria/(9629:9647): SWAP - Recibi - PID: 1 - PAG: 0
[INFO] 11:13:36:976 Memoria/(9629:9647): SWAP - Envie  - PID: 1 - PAG: 1
[INFO] 11:16:53:493 Memoria/(9629:9647): SWAP - Recibi - PID: 1 - PAG: 1
[INFO] 11:18:41:820 Memoria/(9629:9647): SWAP - Envie  - PID: 1 - PAG: 0
[INFO] 11:24:53:911 Memoria/(9629:9647): SWAP - Recibi - PID: 1 - PAG: 0
[INFO] 11:30:25:002 Memoria/(12225:12225): Tlb Inicializada
[INFO] 11:32:12:025 Memoria/(12225:12400): Se conecto un cliente - Socket: 5
[INFO] 11:32:46:153 Memoria/(12225:12448): Se conecto un cliente - Socket: 6
[INFO] 11:32:48:599 Memoria/(12225:12448): Inicio un proceso - PID: 1 - Socket 6
[INFO] 11:33:26:275 Memoria/(12522:12522): Tlb Inicializada
[INFO] 11:33:32:733 Memoria/(12522:12540): Se conecto un cliente - Socket: 5
[INFO] 11:33:32:734 Memoria/(12522:12540): Inicio un proceso - PID: 1 - Socket 5
[INFO] 11:33:32:771 Memoria/(12522:12540): SWAP - Envie  - PID: 1 - PAG: 0
[INFO] 11:33:32:811 Memoria/(12522:12540): SWAP - Recibi - PID: 1 - PAG: 0
[INFO] 11:33:32:811 Memoria/(12522:12540): SWAP - Envie  - PID: 1 - PAG: 1
[INFO] 11:33:32:811 Memoria/(12522:12540): SWAP - Recibi - PID: 1 - PAG: 1
[INFO] 11:33:32:811 Memoria/(12522:12540): SWAP - Envie  - PID: 1 - PAG: 0
[INFO] 11:33:32:850 Memoria/(12522:12540): SWAP - Recibi - PID: 1 - PAG: 0
[INFO] 11:33:32:850 Memoria/(12522:12540): SWAP - Envie  - PID: 1 - PAG: 1
[INFO] 11:33:32:850 Memoria/(12522:12540): SWAP - Recibi - PID: 1 - PAG: 1
[INFO] 11:33:32:890 Memoria/(12522:12540): SWAP - Recibi - PID: 1 - PAG: 0
[INFO] 11:33:41:645 Memoria/(12560:12560): Tlb Inicializada
[INFO] 11:33:45:195 Memoria/(12560:12563): Se conecto un cliente - Socket: 5
[INFO] 11:34:15:289 Memoria/(12560:12603): Se conecto un cliente - Socket: 6
[INFO] 11:34:23:435 Memoria/(12560:12603): Inicio un proceso - PID: 1 - Socket 6
[INFO] 11:34:37:354 Memoria/(12560:12603): SWAP - Envie  - PID: 1 - PAG: 0
[INFO] 11:37:06:933 Memoria/(12560:12603): SWAP - Recibi - PID: 1 - PAG: 0
[INFO] 11:37:07:476 Memoria/(12560:12603): SWAP - Envie  - PID: 1 - PAG: 1
[INFO] 11:42:11:736 Memoria/(12560:12603): SWAP - Recibi - PID: 1 - PAG: 1
[INFO] 11:42:12:269 Memoria/(12560:12603): SWAP - Envie  - PID: 1 - PAG: 0
[INFO] 11:49:34:313 Memoria/(14005:14005): Tlb Inicializada
[INFO] 11:50:01:457 Memoria/(14275:14275): Tlb Inicializada
[INFO] 11:50:20:134 Memoria/(14534:14534): Tlb Inicializada
[INFO] 11:50:22:210 Memoria/(14534:14714): Se conecto un cliente - Socket: 15
[INFO] 11:50:25:545 Memoria/(14534:14719): Se conecto un cliente - Socket: 16
[INFO] 11:50:25:577 Memoria/(14534:14719): Inicio un proceso - PID: 1 - Socket 16
[INFO] 11:50:25:695 Memoria/(14534:14719): SWAP - Envie  - PID: 1 - PAG: 0
[INFO] 11:50:25:775 Memoria/(14534:14719): SWAP - Recibi - PID: 1 - PAG: 0
[INFO] 11:50:25:815 Memoria/(14534:14719): SWAP - Envie  - PID: 1 - PAG: 1
[INFO] 11:50:25:895 Memoria/(14534:14719): SWAP - Recibi - PID: 1 - PAG: 1
[INFO] 11:50:25:935 Memoria/(14534:14719): SWAP - Envie  - PID: 1 - PAG: 0
[INFO] 11:50:26:015 Memoria/(14534:14719): SWAP - Recibi - PID: 1 - PAG: 0
[INFO] 11:50:26:055 Memoria/(14534:14719): SWAP - Envie  - PID: 1 - PAG: 1
[INFO] 11:50:26:135 Memoria/(14534:14719): SWAP - Recibi - PID: 1 - PAG: 1
[INFO] 11:50:26:255 Memoria/(14534:14719): SWAP - Recibi - PID: 1 - PAG: 0
[INFO] 11:50:26:295 Memoria/(14534:14719): SWAP - Recibi - PID: 1 - PAG: 1
[INFO] 11:50:26:379 Memoria/(14534:14719): Se desconecto un cliente - Socket: 16 - PID: 1
[INFO] 11:51:08:353 Memoria/(14806:14806): Tlb Inicializada
[INFO] 11:51:23:143 Memoria/(14806:14833): Se conecto un cliente - Socket: 5
[INFO] 11:51:37:415 Memoria/(14806:14858): Se conecto un cliente - Socket: 6
[INFO] 11:51:43:983 Memoria/(14806:14858): Inicio un proceso - PID: 1 - Socket 6
[INFO] 11:51:51:620 Memoria/(14806:14858): SWAP - Envie  - PID: 1 - PAG: 0
[INFO] 11:56:51:362 Memoria/(14806:14858): SWAP - Recibi - PID: 1 - PAG: 0
[INFO] 11:56:53:589 Memoria/(14806:14858): SWAP - Envie  - PID: 1 - PAG: 1
[INFO] 11:58:49:385 Memoria/(14806:14858): SWAP - Recibi - PID: 1 - PAG: 1
[INFO] 11:58:50:178 Memoria/(14806:14858): SWAP - Envie  - PID: 1 - PAG: 0
[INFO] 12:07:48:279 Memoria/(14806:14858): SWAP - Recibi - PID: 1 - PAG: 0
[INFO] 12:10:21:763 Memoria/(16491:16491): Tlb Inicializada
[INFO] 12:10:41:224 Memoria/(16787:16787): Tlb Inicializada
[INFO] 12:10:43:296 Memoria/(16787:16967): Se conecto un cliente - Socket: 15
[INFO] 12:10:49:306 Memoria/(16787:16978): Se conecto un cliente - Socket: 16
[INFO] 12:10:49:344 Memoria/(16787:16978): Inicio un proceso - PID: 1 - Socket 16
[INFO] 12:10:49:463 Memoria/(16787:16978): SWAP - Envie  - PID: 1 - PAG: 0
[INFO] 12:10:49:543 Memoria/(16787:16978): SWAP - Recibi - PID: 1 - PAG: 0
[INFO] 12:10:49:583 Memoria/(16787:16978): SWAP - Envie  - PID: 1 - PAG: 1
[INFO] 12:10:49:663 Memoria/(16787:16978): SWAP - Recibi - PID: 1 - PAG: 1
[INFO] 12:10:49:703 Memoria/(16787:16978): SWAP - Envie  - PID: 1 - PAG: 0
[INFO] 12:10:49:783 Memoria/(16787:16978): SWAP - Recibi - PID: 1 - PAG: 0
[INFO] 12:10:49:823 Memoria/(16787:16978): SWAP - Envie  - PID: 1 - PAG: 1
[INFO] 12:10:49:903 Memoria/(16787:16978): SWAP - Recibi - PID: 1 - PAG: 1
[INFO] 12:10:50:027 Memoria/(16787:16978): SWAP - Recibi - PID: 1 - PAG: 0
[INFO] 12:10:50:067 Memoria/(16787:16978): SWAP - Recibi - PID: 1 - PAG: 1
[INFO] 12:10:50:152 Memoria/(16787:16978): Se desconecto un cliente - Socket: 16 - PID: 1
[INFO] 12:11:09:303 Memoria/(17026:17026): Tlb Inicializada
[INFO] 12:11:29:390 Memoria/(17026:17059): Se conecto un cliente - Socket: 5
[INFO] 12:11:38:860 Memoria/(17026:17077): Se conecto un cliente - Socket: 6
[INFO] 12:11:42:757 Memoria/(17026:17077): Inicio un proceso - PID: 1 - Socket 6
[INFO] 12:11:49:376 Memoria/(17026:17077): SWAP - Envie  - PID: 1 - PAG: 0
[INFO] 12:12:21:290 Memoria/(17026:17077): SWAP - Recibi - PID: 1 - PAG: 0
[INFO] 12:12:21:590 Memoria/(17026:17077): SWAP - Envie  - PID: 1 - PAG: 1
[INFO] 12:13:28:731 Memoria/(17026:17077): SWAP - Recibi - PID: 1 - PAG: 1
[INFO] 12:13:30:952 Memoria/(17026:17077): SWAP - Envie  - PID: 1 - PAG: 0
[INFO] 12:17:10:607 Memoria/(17574:17574): Tlb Inicializada
[INFO] 12:17:29:487 Memoria/(17574:17606): Se conecto un cliente - Socket: 5
[INFO] 12:17:41:504 Memoria/(17574:17627): Se conecto un cliente - Socket: 6
[INFO] 12:17:49:448 Memoria/(17574:17627): Inicio un proceso - PID: 1 - Socket 6
[INFO] 12:17:55:693 Memoria/(17574:17627): SWAP - Envie  - PID: 1 - PAG: 0
[INFO] 12:18:25:167 Memoria/(17574:17627): SWAP - Recibi - PID: 1 - PAG: 0
[INFO] 12:18:25:389 Memoria/(17574:17627): SWAP - Envie  - PID: 1 - PAG: 1
[INFO] 12:18:56:566 Memoria/(17574:17627): SWAP - Recibi - PID: 1 - PAG: 1
[INFO] 12:18:56:756 Memoria/(17574:17627): SWAP - Envie  - PID: 1 - PAG: 0
[INFO] 12:26:25:682 Memoria/(18819:18819): Tlb Inicializada
[INFO] 12:26:43:939 Memoria/(18819:18985): Se conecto un cliente - Socket: 5
[INFO] 12:26:46:384 Memoria/(18819:18989): Se conecto un cliente - Socket: 6
[INFO] 12:26:46:397 Memoria/(18819:18989): Inicio un proceso - PID: 1 - Socket 6
[INFO] 12:26:46:514 Memoria/(18819:18989): SWAP - Envie  - PID: 1 - PAG: 0
[INFO] 12:26:46:595 Memoria/(18819:18989): SWAP - Recibi - PID: 1 - PAG: 0
[INFO] 12:26:46:634 Memoria/(18819:18989): SWAP - Envie  - PID: 1 - PAG: 1
[INFO] 12:26:46:714 Memoria/(18819:18989): SWAP - Recibi - PID: 1 - PAG: 1
[INFO] 12:26:46:755 Memoria/(18819:18989): SWAP - Envie  - PID: 1 - PAG: 0
[INFO] 12:26:46:835 Memoria/(18819:18989): SWAP - Recibi - PID: 1 - PAG: 0
[INFO] 12:26:46:874 Memoria/(18819:18989): SWAP - Envie  - PID: 1 - PAG: 1
[INFO] 12:26:46:954 Memoria/(18819:18989): SWAP - Recibi - PID: 1 - PAG: 1
[INFO] 12:26:47:074 Memoria/(18819:18989): SWAP - Recibi - PID: 1 - PAG: 0
[INFO] 12:26:47:114 Memoria/(18819:18989): SWAP - Recibi - PID: 1 - PAG: 1
[INFO] 12:26:47:195 Memoria/(18819:18989): Se desconecto un cliente - Socket: 6 - PID: 1
[INFO] 12:27:53:654 Memoria/(19723:19723): Tlb Inicializada
[INFO] 12:27:54:454 Memoria/(19723:19851): Se conecto un cliente - Socket: 15
[INFO] 12:27:57:544 Memoria/(19723:19864): Se conecto un cliente - Socket: 16
[INFO] 12:27:57:569 Memoria/(19723:19864): Inicio un proceso - PID: 1 - Socket 16
[INFO] 12:27:57:687 Memoria/(19723:19864): SWAP - Envie  - PID: 1 - PAG: 0
[INFO] 12:27:57:767 Memoria/(19723:19864): SWAP - Recibi - PID: 1 - PAG: 0
[INFO] 12:27:57:808 Memoria/(19723:19864): SWAP - Envie  - PID: 1 - PAG: 1
[INFO] 12:27:57:887 Memoria/(19723:19864): SWAP - Recibi - PID: 1 - PAG: 1
[INFO] 12:27:57:927 Memoria/(19723:19864): SWAP - Envie  - PID: 1 - PAG: 0
[INFO] 12:27:58:007 Memoria/(19723:19864): SWAP - Recibi - PID: 1 - PAG: 0
[INFO] 12:27:58:047 Memoria/(19723:19864): SWAP - Envie  - PID: 1 - PAG: 1
[INFO] 12:27:58:127 Memoria/(19723:19864): SWAP - Recibi - PID: 1 - PAG: 1
[INFO] 12:27:58:246 Memoria/(19723:19864): SWAP - Recibi - PID: 1 - PAG: 0
[INFO] 12:27:58:286 Memoria/(19723:19864): SWAP - Recibi - PID: 1 - PAG: 1
[INFO] 12:27:58:367 Memoria/(19723:19864): Se desconecto un cliente - Socket: 16 - PID: 1
[INFO] 12:28:26:288 Memoria/(20058:20058): Tlb Inicializada
[INFO] 12:28:27:902 Memoria/(20058:20235): Se conecto un cliente - Socket: 15
[INFO] 12:28:30:964 Memoria/(20058:20243): Se conecto un cliente - Socket: 16
[INFO] 12:28:30:997 Memoria/(20058:20243): Inicio un proceso - PID: 1 - Socket 16
[INFO] 12:28:31:115 Memoria/(20058:20243): SWAP - Envie  - PID: 1 - PAG: 0
[INFO] 12:28:31:195 Memoria/(20058:20243): SWAP - Recibi - PID: 1 - PAG: 0
[INFO] 12:28:31:235 Memoria/(20058:20243): SWAP - Envie  - PID: 1 - PAG: 1
[INFO] 12:28:31:315 Memoria/(20058:20243): SWAP - Recibi - PID: 1 - PAG: 1
[INFO] 12:28:31:356 Memoria/(20058:20243): SWAP - Envie  - PID: 1 - PAG: 0
[INFO] 12:28:31:434 Memoria/(20058:20243): SWAP - Recibi - PID: 1 - PAG: 0
[INFO] 12:28:31:474 Memoria/(20058:20243): SWAP - Envie  - PID: 1 - PAG: 1
[INFO] 12:28:31:554 Memoria/(20058:20243): SWAP - Recibi - PID: 1 - PAG: 1
[INFO] 12:28:31:675 Memoria/(20058:20243): SWAP - Recibi - PID: 1 - PAG: 0
[INFO] 12:28:31:715 Memoria/(20058:20243): SWAP - Recibi - PID: 1 - PAG: 1
[INFO] 12:28:31:795 Memoria/(20058:20243): Se desconecto un cliente - Socket: 16 - PID: 1
[INFO] 12:30:18:202 Memoria/(20642:20642): Tlb Inicializada
[INFO] 12:30:20:122 Memoria/(20642:20781): Se conecto un cliente - Socket: 15
[INFO] 12:30:22:004 Memoria/(20642:20785): Se conecto un cliente - Socket: 16
[INFO] 12:30:22:046 Memoria/(20642:20785): Inicio un proceso - PID: 1 - Socket 16
[INFO] 12:30:22:123 Memoria/(20642:20785): SWAP - Envie  - PID: 1 - PAG: 0
[INFO] 12:30:22:207 Memoria/(20642:20785): SWAP - Recibi - PID: 1 - PAG: 0
[INFO] 12:30:22:247 Memoria/(20642:20785): SWAP - Envie  - PID: 1 - PAG: 1
[INFO] 12:30:22:327 Memoria/(20642:20785): SWAP - Recibi - PID: 1 - PAG: 1
[INFO] 12:30:22:367 Memoria/(20642:20785): SWAP - Envie  - PID: 1 - PAG: 0
[INFO] 12:30:22:447 Memoria/(20642:20785): SWAP - Recibi - PID: 1 - PAG: 0
[INFO] 12:30:22:487 Memoria/(20642:20785): SWAP - Envie  - PID: 1 - PAG: 1
[INFO] 12:30:22:567 Memoria/(20642:20785): SWAP - Recibi - PID: 1 - PAG: 1
[INFO] 12:30:22:687 Memoria/(20642:20785): SWAP - Recibi - PID: 1 - PAG: 0
[INFO] 12:30:22:727 Memoria/(20642:20785): SWAP - Recibi - PID: 1 - PAG: 1
[INFO] 12:30:22:807 Memoria/(20642:20785): Se desconecto un cliente - Socket: 16 - PID: 1
[INFO] 12:30:40:807 Memoria/(20966:20966): Tlb Inicializada
[INFO] 12:30:42:926 Memoria/(20966:21151): Se conecto un cliente - Socket: 15
[INFO] 12:30:43:718 Memoria/(20966:21158): Se conecto un cliente - Socket: 16
[INFO] 12:30:43:741 Memoria/(20966:21158): Inicio un proceso - PID: 1 - Socket 16
[INFO] 12:30:43:859 Memoria/(20966:21158): SWAP - Envie  - PID: 1 - PAG: 0
[INFO] 12:30:43:938 Memoria/(20966:21158): SWAP - Recibi - PID: 1 - PAG: 0
[INFO] 12:30:43:978 Memoria/(20966:21158): SWAP - Envie  - PID: 1 - PAG: 1
[INFO] 12:30:44:058 Memoria/(20966:21158): SWAP - Recibi - PID: 1 - PAG: 1
[INFO] 12:30:44:098 Memoria/(20966:21158): SWAP - Envie  - PID: 1 - PAG: 0
[INFO] 12:30:44:179 Memoria/(20966:21158): SWAP - Recibi - PID: 1 - PAG: 0
[INFO] 12:30:44:218 Memoria/(20966:21158): SWAP - Envie  - PID: 1 - PAG: 1
[INFO] 12:30:44:299 Memoria/(20966:21158): SWAP - Recibi - PID: 1 - PAG: 1
[INFO] 12:30:44:419 Memoria/(20966:21158): SWAP - Recibi - PID: 1 - PAG: 0
[INFO] 12:30:44:459 Memoria/(20966:21158): SWAP - Recibi - PID: 1 - PAG: 1
[INFO] 12:30:44:539 Memoria/(20966:21158): Se desconecto un cliente - Socket: 16 - PID: 1
[INFO] 12:34:33:316 Memoria/(21614:21614): Tlb Inicializada
[INFO] 12:34:35:515 Memoria/(21614:21798): Se conecto un cliente - Socket: 15
[INFO] 12:34:51:073 Memoria/(21614:21938): Se conecto un cliente - Socket: 16
[INFO] 12:34:51:097 Memoria/(21614:21938): Inicio un proceso - PID: 1 - Socket 16
[INFO] 12:34:51:215 Memoria/(21614:21938): SWAP - Envie  - PID: 1 - PAG: 0
[INFO] 12:34:51:295 Memoria/(21614:21938): SWAP - Recibi - PID: 1 - PAG: 0
[INFO] 12:34:51:335 Memoria/(21614:21938): SWAP - Envie  - PID: 1 - PAG: 1
[INFO] 12:34:51:415 Memoria/(21614:21938): SWAP - Recibi - PID: 1 - PAG: 1
[INFO] 12:34:51:455 Memoria/(21614:21938): SWAP - Envie  - PID: 1 - PAG: 0
[INFO] 12:34:51:535 Memoria/(21614:21938): SWAP - Recibi - PID: 1 - PAG: 0
[INFO] 12:34:51:575 Memoria/(21614:21938): SWAP - Envie  - PID: 1 - PAG: 1
[INFO] 12:34:51:655 Memoria/(21614:21938): SWAP - Recibi - PID: 1 - PAG: 1
[INFO] 12:34:51:775 Memoria/(21614:21938): SWAP - Recibi - PID: 1 - PAG: 0
[INFO] 12:34:51:815 Memoria/(21614:21938): SWAP - Recibi - PID: 1 - PAG: 1
[INFO] 12:34:51:896 Memoria/(21614:21938): Se desconecto un cliente - Socket: 16 - PID: 1
