[INFO] 01:08:25:978 Kernel/(15242:15768): 
 
 Se recibió un NEW INSTANCE. Comienza creación del carpincho
[INFO] 01:08:25:978 Kernel/(15242:15767): 
 
 Se recibió un NEW INSTANCE. Comienza creación del carpincho
[INFO] 01:08:25:979 Kernel/(15242:15246): Llegó un carpincho al planificador de largo plazo
[INFO] 01:08:25:980 Kernel/(15242:15246): Carpincho 4 - Se saca de la cola new
[INFO] 01:08:25:980 Kernel/(15242:15245): Carpincho 4 - Estimación anterior: 10.000000
[INFO] 01:08:25:980 Kernel/(15242:15245): Carpincho 4 - Estimación actual: 0
[INFO] 01:08:25:980 Kernel/(15242:15251): Carpincho 4 - Comienza a ejecutar
[INFO] 01:08:25:980 Kernel/(15242:15767): Se agregó el carpincho ID: 4 a la cola de new
[INFO] 01:08:25:980 Kernel/(15242:15246): Llegó un carpincho al planificador de largo plazo
[INFO] 01:08:25:980 Kernel/(15242:15246): Carpincho 5 - Se saca de la cola new
[INFO] 01:08:25:980 Kernel/(15242:15245): Carpincho 5 - Estimación anterior: 10.000000
[INFO] 01:08:25:980 Kernel/(15242:15245): Carpincho 5 - Estimación actual: 0
[INFO] 01:08:25:980 Kernel/(15242:15768): Se agregó el carpincho ID: 5 a la cola de new
[INFO] 01:08:25:982 Kernel/(15242:15769): 
 
 Se recibió un NEW INSTANCE. Comienza creación del carpincho
[INFO] 01:08:25:982 Kernel/(15242:15769): Se agregó el carpincho ID: 6 a la cola de new
[INFO] 01:08:25:982 Kernel/(15242:15770): 
 
 Se recibió un NEW INSTANCE. Comienza creación del carpincho
[INFO] 01:08:25:982 Kernel/(15242:15770): Se agregó el carpincho ID: 7 a la cola de new
[INFO] 01:08:25:986 Kernel/(15242:15771): 
 
 Se recibió un NEW INSTANCE. Comienza creación del carpincho
[INFO] 01:08:25:986 Kernel/(15242:15771): Se agregó el carpincho ID: 8 a la cola de new
[INFO] 01:08:28:017 Kernel/(15242:15767): El carpincho 4 está bloqueado por IO hierbitas
[INFO] 01:08:28:018 Kernel/(15242:15767): Se recibió del carpincho 4 un CALL IO para hierbitas
[INFO] 01:08:28:018 Kernel/(15242:15251): El carpincho 4 fue BLOQUEADO por io
[INFO] 01:08:28:018 Kernel/(15242:15251): Carpincho 5 - Comienza a ejecutar
[INFO] 01:08:29:021 Kernel/(15242:15243): GESTOR IO: desbloqueando carpincho PID 4
[INFO] 01:08:29:021 Kernel/(15242:15243): IO hierbitas lista para recibir carpinchos
[INFO] 01:08:30:020 Kernel/(15242:15768): El carpincho 5 está bloqueado por IO hierbitas
[INFO] 01:08:30:020 Kernel/(15242:15768): Se recibió del carpincho 5 un CALL IO para hierbitas
[INFO] 01:08:30:020 Kernel/(15242:15251): El carpincho 5 fue BLOQUEADO por io
[INFO] 01:08:30:020 Kernel/(15242:15251): Carpincho 4 - Comienza a ejecutar
[INFO] 01:08:31:022 Kernel/(15242:15243): GESTOR IO: desbloqueando carpincho PID 5
[INFO] 01:08:31:022 Kernel/(15242:15243): IO hierbitas lista para recibir carpinchos
[INFO] 01:08:32:022 Kernel/(15242:15767): El carpincho 4 está bloqueado por IO laguna
[INFO] 01:08:32:022 Kernel/(15242:15767): Se recibió del carpincho 4 un CALL IO para laguna
[INFO] 01:08:32:022 Kernel/(15242:15251): El carpincho 4 fue BLOQUEADO por io
[INFO] 01:08:32:022 Kernel/(15242:15251): Carpincho 5 - Comienza a ejecutar
[INFO] 01:08:32:048 Kernel/(15242:15244): GESTOR IO: desbloqueando carpincho PID 4
[INFO] 01:08:32:048 Kernel/(15242:15244): IO laguna lista para recibir carpinchos
[INFO] 01:08:34:023 Kernel/(15242:15768): El carpincho 5 está bloqueado por IO laguna
[INFO] 01:08:34:023 Kernel/(15242:15768): Se recibió del carpincho 5 un CALL IO para laguna
[INFO] 01:08:34:023 Kernel/(15242:15251): El carpincho 5 fue BLOQUEADO por io
[INFO] 01:08:34:023 Kernel/(15242:15251): Carpincho 4 - Comienza a ejecutar
[INFO] 01:08:34:049 Kernel/(15242:15244): GESTOR IO: desbloqueando carpincho PID 5
[INFO] 01:08:34:049 Kernel/(15242:15244): IO laguna lista para recibir carpinchos
[INFO] 01:08:36:025 Kernel/(15242:15767): Se recibió del carpincho 4 un MATE CLOSE
[INFO] 01:08:36:025 Kernel/(15242:15251): Carpincho 5 - Comienza a ejecutar
[INFO] 01:08:36:026 Kernel/(15242:15247): Carpincho 4 - Eliminado
[INFO] 01:08:36:026 Kernel/(15242:15246): Llegó un carpincho al planificador de largo plazo
[INFO] 01:08:36:026 Kernel/(15242:15246): Carpincho 6 - Se saca de la cola new
[INFO] 01:08:36:026 Kernel/(15242:15245): Carpincho 6 - Estimación anterior: 10.000000
[INFO] 01:08:36:026 Kernel/(15242:15245): Carpincho 6 - Estimación actual: 0
[INFO] 01:08:38:028 Kernel/(15242:15768): Se recibió del carpincho 5 un MATE CLOSE
[INFO] 01:08:38:028 Kernel/(15242:15251): Carpincho 6 - Comienza a ejecutar
[INFO] 01:08:38:028 Kernel/(15242:15247): Carpincho 5 - Eliminado
[INFO] 01:08:38:028 Kernel/(15242:15246): Llegó un carpincho al planificador de largo plazo
[INFO] 01:08:38:028 Kernel/(15242:15246): Carpincho 7 - Se saca de la cola new
[INFO] 01:08:38:029 Kernel/(15242:15245): Carpincho 7 - Estimación anterior: 10.000000
[INFO] 01:08:38:029 Kernel/(15242:15245): Carpincho 7 - Estimación actual: 0
[INFO] 01:08:40:029 Kernel/(15242:15769): El carpincho 6 está bloqueado por IO hierbitas
[INFO] 01:08:40:029 Kernel/(15242:15769): Se recibió del carpincho 6 un CALL IO para hierbitas
[INFO] 01:08:40:029 Kernel/(15242:15251): El carpincho 6 fue BLOQUEADO por io
[INFO] 01:08:40:030 Kernel/(15242:15251): Carpincho 7 - Comienza a ejecutar
[INFO] 01:08:41:031 Kernel/(15242:15243): GESTOR IO: desbloqueando carpincho PID 6
[INFO] 01:08:41:031 Kernel/(15242:15243): IO hierbitas lista para recibir carpinchos
[INFO] 01:08:42:031 Kernel/(15242:15770): El carpincho 7 está bloqueado por IO hierbitas
[INFO] 01:08:42:031 Kernel/(15242:15770): Se recibió del carpincho 7 un CALL IO para hierbitas
[INFO] 01:08:42:031 Kernel/(15242:15251): El carpincho 7 fue BLOQUEADO por io
[INFO] 01:08:42:031 Kernel/(15242:15251): Carpincho 6 - Comienza a ejecutar
[INFO] 01:08:43:032 Kernel/(15242:15243): GESTOR IO: desbloqueando carpincho PID 7
[INFO] 01:08:43:032 Kernel/(15242:15243): IO hierbitas lista para recibir carpinchos
[INFO] 01:08:44:033 Kernel/(15242:15769): El carpincho 6 está bloqueado por IO laguna
[INFO] 01:08:44:033 Kernel/(15242:15769): Se recibió del carpincho 6 un CALL IO para laguna
[INFO] 01:08:44:033 Kernel/(15242:15251): El carpincho 6 fue BLOQUEADO por io
[INFO] 01:08:44:033 Kernel/(15242:15251): Carpincho 7 - Comienza a ejecutar
[INFO] 01:08:44:059 Kernel/(15242:15244): GESTOR IO: desbloqueando carpincho PID 6
[INFO] 01:08:44:059 Kernel/(15242:15244): IO laguna lista para recibir carpinchos
[INFO] 01:08:46:035 Kernel/(15242:15770): El carpincho 7 está bloqueado por IO laguna
[INFO] 01:08:46:035 Kernel/(15242:15770): Se recibió del carpincho 7 un CALL IO para laguna
[INFO] 01:08:46:035 Kernel/(15242:15251): El carpincho 7 fue BLOQUEADO por io
[INFO] 01:08:46:035 Kernel/(15242:15251): Carpincho 6 - Comienza a ejecutar
[INFO] 01:08:46:061 Kernel/(15242:15244): GESTOR IO: desbloqueando carpincho PID 7
[INFO] 01:08:46:061 Kernel/(15242:15244): IO laguna lista para recibir carpinchos
[INFO] 01:08:48:038 Kernel/(15242:15769): Se recibió del carpincho 6 un MATE CLOSE
[INFO] 01:08:48:039 Kernel/(15242:15251): Carpincho 7 - Comienza a ejecutar
[INFO] 01:08:48:041 Kernel/(15242:15247): Carpincho 6 - Eliminado
[INFO] 01:08:48:042 Kernel/(15242:15246): Llegó un carpincho al planificador de largo plazo
[INFO] 01:08:48:042 Kernel/(15242:15246): Carpincho 8 - Se saca de la cola new
[INFO] 01:08:48:043 Kernel/(15242:15245): Carpincho 8 - Estimación anterior: 10.000000
[INFO] 01:08:48:043 Kernel/(15242:15245): Carpincho 8 - Estimación actual: 0
[INFO] 01:08:50:044 Kernel/(15242:15770): Se recibió del carpincho 7 un MATE CLOSE
[INFO] 01:08:50:045 Kernel/(15242:15251): Carpincho 8 - Comienza a ejecutar
[INFO] 01:08:50:045 Kernel/(15242:15247): Carpincho 7 - Eliminado
[INFO] 01:08:52:047 Kernel/(15242:15771): El carpincho 8 está bloqueado por IO hierbitas
[INFO] 01:08:52:047 Kernel/(15242:15771): Se recibió del carpincho 8 un CALL IO para hierbitas
[INFO] 01:08:52:047 Kernel/(15242:15251): El carpincho 8 fue BLOQUEADO por io
[INFO] 01:08:53:048 Kernel/(15242:15243): GESTOR IO: desbloqueando carpincho PID 8
[INFO] 01:08:53:048 Kernel/(15242:15243): IO hierbitas lista para recibir carpinchos
[INFO] 01:08:53:048 Kernel/(15242:15251): Carpincho 8 - Comienza a ejecutar
[INFO] 01:08:55:050 Kernel/(15242:15771): El carpincho 8 está bloqueado por IO laguna
[INFO] 01:08:55:051 Kernel/(15242:15771): Se recibió del carpincho 8 un CALL IO para laguna
[INFO] 01:08:55:051 Kernel/(15242:15251): El carpincho 8 fue BLOQUEADO por io
[INFO] 01:08:55:078 Kernel/(15242:15244): GESTOR IO: desbloqueando carpincho PID 8
[INFO] 01:08:55:078 Kernel/(15242:15244): IO laguna lista para recibir carpinchos
[INFO] 01:08:55:078 Kernel/(15242:15251): Carpincho 8 - Comienza a ejecutar
[INFO] 01:08:57:080 Kernel/(15242:15771): Se recibió del carpincho 8 un MATE CLOSE
[INFO] 01:08:57:081 Kernel/(15242:15247): Carpincho 8 - Eliminado
