[INFO] 01:47:21:166 Carpincho/(6821:6822): Log creado
[INFO] 01:47:21:166 Carpincho/(6821:6822): Esperando respuesta de servidor
[INFO] 01:47:21:167 Carpincho/(6821:6822): 
NUEVO CARPINCHO

[INFO] 01:47:21:217 Carpincho/(6821:6822): Carpincho creado correctamente con el pid: 1
[INFO] 01:47:21:217 Carpincho/(6821:6822): CALL_IO a PILETA carpincho 1
[INFO] 01:47:21:217 Carpincho/(6821:6822): Vamos a usar la pileta...
[INFO] 01:47:21:218 Carpincho/(6821:6822): RESPUESA DE IO RECIBIDA 0 
[INFO] 01:47:21:218 Carpincho/(6821:6822): MATE IO ESPERANDO OK DEL PROCESADOR PARA SEGUIR carpincho 1


[INFO] 01:47:22:175 Carpincho/(6821:6825): Log creado
[INFO] 01:47:22:178 Carpincho/(6821:6825): Esperando respuesta de servidor
[INFO] 01:47:22:202 Carpincho/(6821:6825): 
NUEVO CARPINCHO

[INFO] 01:47:22:289 Carpincho/(6821:6825): Carpincho creado correctamente con el pid: 2
[INFO] 01:47:22:289 Carpincho/(6821:6825): CALL_IO a PILETA carpincho 2
[INFO] 01:47:22:289 Carpincho/(6821:6825): Vamos a usar la pileta...
[INFO] 01:47:22:290 Carpincho/(6821:6825): RESPUESA DE IO RECIBIDA 0 
[INFO] 01:47:22:290 Carpincho/(6821:6825): MATE IO ESPERANDO OK DEL PROCESADOR PARA SEGUIR carpincho 2


[INFO] 01:47:26:218 Carpincho/(6821:6822): 
_____llego del procesador un OK para el caprincho 1


[INFO] 01:47:26:218 Carpincho/(6821:6822): Se realizó el CALL IO correctamente
[INFO] 01:47:26:218 Carpincho/(6821:6822): MEM_ALLOC de 10
[INFO] 01:47:26:261 Carpincho/(6821:6822): Se realizó el MEM_ALLOC correctamente. La dirección lógica es 9
[INFO] 01:47:26:261 Carpincho/(6821:6822): MEM_WRITE el mensaje HOLA en 9
[INFO] 01:47:26:262 Carpincho/(6821:6822): Se realizó el MEM_WRITE correctamente
[INFO] 01:47:26:262 Carpincho/(6821:6822): MEM_READ desde 9 el size 4
[INFO] 01:47:26:381 Carpincho/(6821:6822): Se realizó el MEM_READ correctamente. El contenido es: HOLA	
[INFO] 01:47:26:381 Carpincho/(6821:6822): CALL_IO a PILETA carpincho 1
[INFO] 01:47:26:381 Carpincho/(6821:6822): Vamos a usar la pileta...
[INFO] 01:47:26:382 Carpincho/(6821:6822): RESPUESA DE IO RECIBIDA 0 
[INFO] 01:47:26:382 Carpincho/(6821:6822): MATE IO ESPERANDO OK DEL PROCESADOR PARA SEGUIR carpincho 1


[INFO] 01:47:31:220 Carpincho/(6821:6825): 
_____llego del procesador un OK para el caprincho 2


[INFO] 01:47:31:220 Carpincho/(6821:6825): Se realizó el CALL IO correctamente
[INFO] 01:47:31:220 Carpincho/(6821:6825): CALL_IO a PILETA carpincho 2
[INFO] 01:47:31:220 Carpincho/(6821:6825): Vamos a usar la pileta...
[INFO] 01:47:31:221 Carpincho/(6821:6825): RESPUESA DE IO RECIBIDA 0 
[INFO] 01:47:31:221 Carpincho/(6821:6825): MATE IO ESPERANDO OK DEL PROCESADOR PARA SEGUIR carpincho 2


[INFO] 01:47:36:221 Carpincho/(6821:6822): 
_____llego del procesador un OK para el caprincho 1


[INFO] 01:47:36:221 Carpincho/(6821:6822): Se realizó el CALL IO correctamente
[INFO] 01:47:36:222 Carpincho/(6821:6822): MEM_FREE a la dirección 9
[INFO] 01:47:36:224 Carpincho/(6821:6822): Se realizó el MEM_FREE correctamente
[INFO] 01:47:36:224 Carpincho/(6821:6822): CALL_IO a PILETA carpincho 1
[INFO] 01:47:36:224 Carpincho/(6821:6822): Vamos a usar la pileta...
[INFO] 01:47:36:225 Carpincho/(6821:6822): RESPUESA DE IO RECIBIDA 0 
[INFO] 01:47:36:225 Carpincho/(6821:6822): MATE IO ESPERANDO OK DEL PROCESADOR PARA SEGUIR carpincho 1


[INFO] 01:47:41:222 Carpincho/(6821:6825): 
_____llego del procesador un OK para el caprincho 2


[INFO] 01:47:41:222 Carpincho/(6821:6825): Se realizó el CALL IO correctamente
[INFO] 01:47:41:222 Carpincho/(6821:6825): CALL_IO a PILETA carpincho 2
[INFO] 01:47:41:222 Carpincho/(6821:6825): Vamos a usar la pileta...
[INFO] 01:47:41:222 Carpincho/(6821:6825): RESPUESA DE IO RECIBIDA 0 
[INFO] 01:47:41:222 Carpincho/(6821:6825): MATE IO ESPERANDO OK DEL PROCESADOR PARA SEGUIR carpincho 2


[INFO] 01:47:46:224 Carpincho/(6821:6822): 
_____llego del procesador un OK para el caprincho 1


[INFO] 01:47:46:224 Carpincho/(6821:6822): Se realizó el CALL IO correctamente
[INFO] 01:47:46:224 Carpincho/(6821:6822): MATE_CLOSE carpincho 1
[INFO] 01:47:46:224 Carpincho/(6821:6822): MATE_CLOSE: mensaje enviado a kernel
[INFO] 01:47:46:224 Carpincho/(6821:6822): Carpincho eliminado
[INFO] 01:47:51:225 Carpincho/(6821:6825): 
_____llego del procesador un OK para el caprincho 2


[INFO] 01:47:51:225 Carpincho/(6821:6825): Se realizó el CALL IO correctamente
[INFO] 01:47:51:225 Carpincho/(6821:6825): MATE_CLOSE carpincho 2
[INFO] 01:47:51:225 Carpincho/(6821:6825): MATE_CLOSE: mensaje enviado a kernel
[INFO] 01:47:51:225 Carpincho/(6821:6825): Carpincho eliminado
[INFO] 01:48:45:135 Carpincho/(7320:7321): Log creado
[INFO] 01:48:45:135 Carpincho/(7320:7321): Esperando respuesta de servidor
[INFO] 01:48:45:136 Carpincho/(7320:7321): 
NUEVO CARPINCHO

[INFO] 01:48:45:189 Carpincho/(7320:7321): Carpincho creado correctamente con el pid: 1
[INFO] 01:48:45:190 Carpincho/(7320:7321): CALL_IO a PILETA carpincho 1
[INFO] 01:48:45:190 Carpincho/(7320:7321): Vamos a usar la pileta...
[INFO] 01:48:45:190 Carpincho/(7320:7321): RESPUESA DE IO RECIBIDA 0 
[INFO] 01:48:45:190 Carpincho/(7320:7321): MATE IO ESPERANDO OK DEL PROCESADOR PARA SEGUIR carpincho 1


[INFO] 01:48:46:155 Carpincho/(7320:7324): Log creado
[INFO] 01:48:46:156 Carpincho/(7320:7324): Esperando respuesta de servidor
[INFO] 01:48:46:158 Carpincho/(7320:7324): 
NUEVO CARPINCHO

[INFO] 01:48:46:239 Carpincho/(7320:7324): Carpincho creado correctamente con el pid: 2
[INFO] 01:48:46:240 Carpincho/(7320:7324): CALL_IO a PILETA carpincho 2
[INFO] 01:48:46:240 Carpincho/(7320:7324): Vamos a usar la pileta...
[INFO] 01:48:46:240 Carpincho/(7320:7324): RESPUESA DE IO RECIBIDA 0 
[INFO] 01:48:46:240 Carpincho/(7320:7324): MATE IO ESPERANDO OK DEL PROCESADOR PARA SEGUIR carpincho 2


[INFO] 01:48:47:215 Carpincho/(7320:7332): Log creado
[INFO] 01:48:47:215 Carpincho/(7320:7332): Esperando respuesta de servidor
[INFO] 01:48:47:218 Carpincho/(7320:7332): 
NUEVO CARPINCHO

[INFO] 01:48:50:191 Carpincho/(7320:7321): 
_____llego del procesador un OK para el caprincho 1


[INFO] 01:48:50:191 Carpincho/(7320:7321): Se realizó el CALL IO correctamente
[INFO] 01:48:50:191 Carpincho/(7320:7321): MEM_ALLOC de 10
[INFO] 01:48:50:234 Carpincho/(7320:7321): Se realizó el MEM_ALLOC correctamente. La dirección lógica es 9
[INFO] 01:48:50:234 Carpincho/(7320:7321): MEM_WRITE el mensaje HOLA en 9
[INFO] 01:48:50:235 Carpincho/(7320:7321): Se realizó el MEM_WRITE correctamente
[INFO] 01:48:50:235 Carpincho/(7320:7321): MEM_READ desde 9 el size 4
[INFO] 01:48:50:353 Carpincho/(7320:7321): Se realizó el MEM_READ correctamente. El contenido es: HOLA	
[INFO] 01:48:50:354 Carpincho/(7320:7321): CALL_IO a PILETA carpincho 1
[INFO] 01:48:50:354 Carpincho/(7320:7321): Vamos a usar la pileta...
[INFO] 01:48:50:354 Carpincho/(7320:7332): Carpincho creado correctamente con el pid: 3
[INFO] 01:48:50:357 Carpincho/(7320:7332): CALL_IO a PILETA carpincho 3
[INFO] 01:48:50:358 Carpincho/(7320:7332): Vamos a usar la pileta...
[INFO] 01:48:50:358 Carpincho/(7320:7332): RESPUESA DE IO RECIBIDA 0 
[INFO] 01:48:50:358 Carpincho/(7320:7332): MATE IO ESPERANDO OK DEL PROCESADOR PARA SEGUIR carpincho 3


[INFO] 01:48:50:358 Carpincho/(7320:7321): RESPUESA DE IO RECIBIDA 0 
[INFO] 01:48:50:358 Carpincho/(7320:7321): MATE IO ESPERANDO OK DEL PROCESADOR PARA SEGUIR carpincho 1


[INFO] 01:48:55:193 Carpincho/(7320:7324): 
_____llego del procesador un OK para el caprincho 2


[INFO] 01:48:55:193 Carpincho/(7320:7324): Se realizó el CALL IO correctamente
[INFO] 01:48:55:193 Carpincho/(7320:7324): CALL_IO a PILETA carpincho 2
[INFO] 01:48:55:193 Carpincho/(7320:7324): Vamos a usar la pileta...
[INFO] 01:48:55:194 Carpincho/(7320:7324): RESPUESA DE IO RECIBIDA 0 
[INFO] 01:48:55:194 Carpincho/(7320:7324): MATE IO ESPERANDO OK DEL PROCESADOR PARA SEGUIR carpincho 2


[INFO] 01:49:05:193 Carpincho/(7320:7332): 
_____llego del procesador un OK para el caprincho 3


[INFO] 01:49:05:193 Carpincho/(7320:7332): Se realizó el CALL IO correctamente
[INFO] 01:49:05:193 Carpincho/(7320:7332): CALL_IO a PILETA carpincho 3
[INFO] 01:49:05:193 Carpincho/(7320:7332): Vamos a usar la pileta...
[INFO] 01:49:05:194 Carpincho/(7320:7332): RESPUESA DE IO RECIBIDA 0 
[INFO] 01:49:05:194 Carpincho/(7320:7332): MATE IO ESPERANDO OK DEL PROCESADOR PARA SEGUIR carpincho 3


[INFO] 01:49:10:194 Carpincho/(7320:7324): 
_____llego del procesador un OK para el caprincho 2


[INFO] 01:49:10:194 Carpincho/(7320:7324): Se realizó el CALL IO correctamente
[INFO] 01:49:10:194 Carpincho/(7320:7324): CALL_IO a PILETA carpincho 2
[INFO] 01:49:10:194 Carpincho/(7320:7324): Vamos a usar la pileta...
[INFO] 01:49:10:194 Carpincho/(7320:7324): RESPUESA DE IO RECIBIDA 0 
[INFO] 01:49:10:194 Carpincho/(7320:7324): MATE IO ESPERANDO OK DEL PROCESADOR PARA SEGUIR carpincho 2


[INFO] 01:49:15:195 Carpincho/(7320:7332): 
_____llego del procesador un OK para el caprincho 3


[INFO] 01:49:15:195 Carpincho/(7320:7332): Se realizó el CALL IO correctamente
[INFO] 01:49:15:195 Carpincho/(7320:7332): CALL_IO a PILETA carpincho 3
[INFO] 01:49:15:195 Carpincho/(7320:7332): Vamos a usar la pileta...
[INFO] 01:49:15:196 Carpincho/(7320:7332): RESPUESA DE IO RECIBIDA 0 
[INFO] 01:49:15:196 Carpincho/(7320:7332): MATE IO ESPERANDO OK DEL PROCESADOR PARA SEGUIR carpincho 3


[INFO] 01:49:20:196 Carpincho/(7320:7324): 
_____llego del procesador un OK para el caprincho 2


[INFO] 01:49:20:196 Carpincho/(7320:7324): Se realizó el CALL IO correctamente
[INFO] 01:49:20:196 Carpincho/(7320:7324): MATE_CLOSE carpincho 2
[INFO] 01:49:20:196 Carpincho/(7320:7324): MATE_CLOSE: mensaje enviado a kernel
[INFO] 01:49:20:196 Carpincho/(7320:7324): Carpincho eliminado
[INFO] 01:49:20:199 Carpincho/(7320:7321): 
_____llego del procesador un OK para el caprincho 1


[INFO] 01:49:20:199 Carpincho/(7320:7321): Se realizó el CALL IO correctamente
[INFO] 01:49:20:199 Carpincho/(7320:7321): MEM_FREE a la dirección 9
[INFO] 01:49:21:604 Carpincho/(7320:7321): Se realizó el MEM_FREE correctamente
[INFO] 01:49:21:604 Carpincho/(7320:7321): CALL_IO a PILETA carpincho 1
[INFO] 01:49:21:604 Carpincho/(7320:7321): Vamos a usar la pileta...
[INFO] 01:49:21:607 Carpincho/(7320:7321): RESPUESA DE IO RECIBIDA 0 
[INFO] 01:49:21:607 Carpincho/(7320:7321): MATE IO ESPERANDO OK DEL PROCESADOR PARA SEGUIR carpincho 1


[INFO] 01:49:25:197 Carpincho/(7320:7332): 
_____llego del procesador un OK para el caprincho 3


[INFO] 01:49:25:197 Carpincho/(7320:7332): Se realizó el CALL IO correctamente
[INFO] 01:49:25:197 Carpincho/(7320:7332): MATE_CLOSE carpincho 3
[INFO] 01:49:25:197 Carpincho/(7320:7332): MATE_CLOSE: mensaje enviado a kernel
[INFO] 01:49:25:197 Carpincho/(7320:7332): Carpincho eliminado
[INFO] 01:49:30:198 Carpincho/(7320:7321): 
_____llego del procesador un OK para el caprincho 1


[INFO] 01:49:30:198 Carpincho/(7320:7321): Se realizó el CALL IO correctamente
[INFO] 01:49:30:198 Carpincho/(7320:7321): MATE_CLOSE carpincho 1
[INFO] 01:49:30:198 Carpincho/(7320:7321): MATE_CLOSE: mensaje enviado a kernel
[INFO] 01:49:30:198 Carpincho/(7320:7321): Carpincho eliminado
[INFO] 01:51:20:888 Carpincho/(7941:7942): Log creado
[INFO] 01:51:20:888 Carpincho/(7941:7942): Esperando respuesta de servidor
[INFO] 01:51:20:889 Carpincho/(7941:7942): 
NUEVO CARPINCHO

[INFO] 01:51:20:945 Carpincho/(7941:7942): Carpincho creado correctamente con el pid: 1
[INFO] 01:51:20:946 Carpincho/(7941:7942): CALL_IO a PILETA carpincho 1
[INFO] 01:51:20:946 Carpincho/(7941:7942): Vamos a usar la pileta...
[INFO] 01:51:20:947 Carpincho/(7941:7942): RESPUESA DE IO RECIBIDA 0 
[INFO] 01:51:20:947 Carpincho/(7941:7942): MATE IO ESPERANDO OK DEL PROCESADOR PARA SEGUIR carpincho 1


[INFO] 01:51:21:889 Carpincho/(7941:7945): Log creado
[INFO] 01:51:21:891 Carpincho/(7941:7945): Esperando respuesta de servidor
[INFO] 01:51:21:892 Carpincho/(7941:7945): 
NUEVO CARPINCHO

[INFO] 01:51:21:986 Carpincho/(7941:7945): Carpincho creado correctamente con el pid: 2
[INFO] 01:51:21:987 Carpincho/(7941:7945): CALL_IO a PILETA carpincho 2
[INFO] 01:51:21:987 Carpincho/(7941:7945): Vamos a usar la pileta...
[INFO] 01:51:21:989 Carpincho/(7941:7945): RESPUESA DE IO RECIBIDA 0 
[INFO] 01:51:21:989 Carpincho/(7941:7945): MATE IO ESPERANDO OK DEL PROCESADOR PARA SEGUIR carpincho 2


[INFO] 01:51:22:902 Carpincho/(7941:7953): Log creado
[INFO] 01:51:22:903 Carpincho/(7941:7953): Esperando respuesta de servidor
[INFO] 01:51:22:911 Carpincho/(7941:7953): 
NUEVO CARPINCHO

[INFO] 01:51:25:949 Carpincho/(7941:7942): 
_____llego del procesador un OK para el caprincho 1


[INFO] 01:51:25:949 Carpincho/(7941:7942): Se realizó el CALL IO correctamente
[INFO] 01:51:25:949 Carpincho/(7941:7942): MEM_ALLOC de 10
[INFO] 01:51:26:032 Carpincho/(7941:7942): Se realizó el MEM_ALLOC correctamente. La dirección lógica es 9
[INFO] 01:51:26:032 Carpincho/(7941:7942): MEM_WRITE el mensaje HOLA en 9
[INFO] 01:51:26:037 Carpincho/(7941:7942): Se realizó el MEM_WRITE correctamente
[INFO] 01:51:26:037 Carpincho/(7941:7942): MEM_READ desde 9 el size 4
[INFO] 01:51:26:158 Carpincho/(7941:7942): Se realizó el MEM_READ correctamente. El contenido es: HOLA	
[INFO] 01:51:26:158 Carpincho/(7941:7942): CALL_IO a PILETA carpincho 1
[INFO] 01:51:26:158 Carpincho/(7941:7942): Vamos a usar la pileta...
[INFO] 01:51:26:159 Carpincho/(7941:7953): Carpincho creado correctamente con el pid: 3
[INFO] 01:51:26:159 Carpincho/(7941:7953): CALL_IO a PILETA carpincho 3
[INFO] 01:51:26:159 Carpincho/(7941:7953): Vamos a usar la pileta...
[INFO] 01:51:26:160 Carpincho/(7941:7953): RESPUESA DE IO RECIBIDA 0 
[INFO] 01:51:26:160 Carpincho/(7941:7953): MATE IO ESPERANDO OK DEL PROCESADOR PARA SEGUIR carpincho 3


[INFO] 01:51:26:160 Carpincho/(7941:7942): RESPUESA DE IO RECIBIDA 0 
[INFO] 01:51:26:160 Carpincho/(7941:7942): MATE IO ESPERANDO OK DEL PROCESADOR PARA SEGUIR carpincho 1


[INFO] 01:51:30:949 Carpincho/(7941:7945): 
_____llego del procesador un OK para el caprincho 2


[INFO] 01:51:30:950 Carpincho/(7941:7945): Se realizó el CALL IO correctamente
[INFO] 01:51:30:957 Carpincho/(7941:7945): CALL_IO a PILETA carpincho 2
[INFO] 01:51:30:957 Carpincho/(7941:7945): Vamos a usar la pileta...
[INFO] 01:51:30:958 Carpincho/(7941:7945): RESPUESA DE IO RECIBIDA 0 
[INFO] 01:51:30:958 Carpincho/(7941:7945): MATE IO ESPERANDO OK DEL PROCESADOR PARA SEGUIR carpincho 2


[INFO] 01:51:40:956 Carpincho/(7941:7953): 
_____llego del procesador un OK para el caprincho 3


[INFO] 01:51:40:956 Carpincho/(7941:7953): Se realizó el CALL IO correctamente
[INFO] 01:51:40:957 Carpincho/(7941:7953): CALL_IO a PILETA carpincho 3
[INFO] 01:51:40:957 Carpincho/(7941:7953): Vamos a usar la pileta...
[INFO] 01:51:40:970 Carpincho/(7941:7953): RESPUESA DE IO RECIBIDA 0 
[INFO] 01:51:40:970 Carpincho/(7941:7953): MATE IO ESPERANDO OK DEL PROCESADOR PARA SEGUIR carpincho 3


[INFO] 01:51:45:979 Carpincho/(7941:7945): 
_____llego del procesador un OK para el caprincho 2


[INFO] 01:51:45:979 Carpincho/(7941:7945): Se realizó el CALL IO correctamente
[INFO] 01:51:45:980 Carpincho/(7941:7945): CALL_IO a PILETA carpincho 2
[INFO] 01:51:45:980 Carpincho/(7941:7945): Vamos a usar la pileta...
[INFO] 01:51:45:981 Carpincho/(7941:7945): RESPUESA DE IO RECIBIDA 0 
[INFO] 01:51:45:981 Carpincho/(7941:7945): MATE IO ESPERANDO OK DEL PROCESADOR PARA SEGUIR carpincho 2


[INFO] 01:51:50:981 Carpincho/(7941:7953): 
_____llego del procesador un OK para el caprincho 3


[INFO] 01:51:50:981 Carpincho/(7941:7953): Se realizó el CALL IO correctamente
[INFO] 01:51:50:985 Carpincho/(7941:7953): CALL_IO a PILETA carpincho 3
[INFO] 01:51:50:985 Carpincho/(7941:7953): Vamos a usar la pileta...
[INFO] 01:51:50:985 Carpincho/(7941:7953): RESPUESA DE IO RECIBIDA 0 
[INFO] 01:51:50:985 Carpincho/(7941:7953): MATE IO ESPERANDO OK DEL PROCESADOR PARA SEGUIR carpincho 3


[INFO] 01:51:55:980 Carpincho/(7941:7945): 
_____llego del procesador un OK para el caprincho 2


[INFO] 01:51:55:980 Carpincho/(7941:7945): Se realizó el CALL IO correctamente
[INFO] 01:51:55:980 Carpincho/(7941:7945): MATE_CLOSE carpincho 2
[INFO] 01:51:55:980 Carpincho/(7941:7945): MATE_CLOSE: mensaje enviado a kernel
[INFO] 01:51:55:980 Carpincho/(7941:7945): Carpincho eliminado
[INFO] 01:51:55:981 Carpincho/(7941:7942): 
_____llego del procesador un OK para el caprincho 1


[INFO] 01:51:55:981 Carpincho/(7941:7942): Se realizó el CALL IO correctamente
[INFO] 01:51:55:981 Carpincho/(7941:7942): MEM_FREE a la dirección 9
[INFO] 01:51:56:807 Carpincho/(7941:7942): Se realizó el MEM_FREE correctamente
[INFO] 01:51:56:807 Carpincho/(7941:7942): CALL_IO a PILETA carpincho 1
[INFO] 01:51:56:807 Carpincho/(7941:7942): Vamos a usar la pileta...
[INFO] 01:51:56:808 Carpincho/(7941:7942): RESPUESA DE IO RECIBIDA 0 
[INFO] 01:51:56:808 Carpincho/(7941:7942): MATE IO ESPERANDO OK DEL PROCESADOR PARA SEGUIR carpincho 1


[INFO] 01:52:00:984 Carpincho/(7941:7953): 
_____llego del procesador un OK para el caprincho 3


[INFO] 01:52:00:985 Carpincho/(7941:7953): Se realizó el CALL IO correctamente
[INFO] 01:52:00:985 Carpincho/(7941:7953): MATE_CLOSE carpincho 3
[INFO] 01:52:00:985 Carpincho/(7941:7953): MATE_CLOSE: mensaje enviado a kernel
[INFO] 01:52:00:988 Carpincho/(7941:7953): Carpincho eliminado
[INFO] 01:52:05:991 Carpincho/(7941:7942): 
_____llego del procesador un OK para el caprincho 1


[INFO] 01:52:05:992 Carpincho/(7941:7942): Se realizó el CALL IO correctamente
[INFO] 01:52:05:992 Carpincho/(7941:7942): MATE_CLOSE carpincho 1
[INFO] 01:52:05:992 Carpincho/(7941:7942): MATE_CLOSE: mensaje enviado a kernel
[INFO] 01:52:05:992 Carpincho/(7941:7942): Carpincho eliminado
[INFO] 02:20:06:548 Carpincho/(10675:10676): Log creado
[INFO] 02:20:06:548 Carpincho/(10675:10676): Esperando respuesta de servidor
[INFO] 02:20:06:550 Carpincho/(10675:10676): 
NUEVO CARPINCHO

[INFO] 02:20:06:601 Carpincho/(10675:10676): Carpincho creado correctamente con el pid: 1
[INFO] 02:20:06:601 Carpincho/(10675:10676): CALL_IO a PILETA carpincho 1
[INFO] 02:20:06:601 Carpincho/(10675:10676): Vamos a usar la pileta...
[INFO] 02:20:06:602 Carpincho/(10675:10676): RESPUESA DE IO RECIBIDA 0 
[INFO] 02:20:06:602 Carpincho/(10675:10676): MATE IO ESPERANDO OK DEL PROCESADOR PARA SEGUIR carpincho 1


[INFO] 02:20:07:551 Carpincho/(10675:10679): Log creado
[INFO] 02:20:07:551 Carpincho/(10675:10679): Esperando respuesta de servidor
[INFO] 02:20:07:553 Carpincho/(10675:10679): 
NUEVO CARPINCHO

[INFO] 02:20:07:645 Carpincho/(10675:10679): Carpincho creado correctamente con el pid: 2
[INFO] 02:20:07:646 Carpincho/(10675:10679): CALL_IO a PILETA carpincho 2
[INFO] 02:20:07:646 Carpincho/(10675:10679): Vamos a usar la pileta...
[INFO] 02:20:07:646 Carpincho/(10675:10679): RESPUESA DE IO RECIBIDA 0 
[INFO] 02:20:07:646 Carpincho/(10675:10679): MATE IO ESPERANDO OK DEL PROCESADOR PARA SEGUIR carpincho 2


[INFO] 02:20:08:559 Carpincho/(10675:10682): Log creado
[INFO] 02:20:08:561 Carpincho/(10675:10682): Esperando respuesta de servidor
[INFO] 02:20:08:565 Carpincho/(10675:10682): 
NUEVO CARPINCHO

[INFO] 02:20:11:604 Carpincho/(10675:10676): 
_____llego del procesador un OK para el caprincho 1


[INFO] 02:20:11:604 Carpincho/(10675:10676): Se realizó el CALL IO correctamente
[INFO] 02:20:11:604 Carpincho/(10675:10676): MEM_ALLOC de 10
[INFO] 02:20:11:644 Carpincho/(10675:10676): Se realizó el MEM_ALLOC correctamente. La dirección lógica es 9
[INFO] 02:20:11:644 Carpincho/(10675:10676): MEM_WRITE el mensaje HOLA en 9
[INFO] 02:20:11:645 Carpincho/(10675:10676): Se realizó el MEM_WRITE correctamente
[INFO] 02:20:11:645 Carpincho/(10675:10676): MEM_READ desde 9 el size 4
[INFO] 02:20:11:761 Carpincho/(10675:10676): Se realizó el MEM_READ correctamente. El contenido es: HOLA	
[INFO] 02:20:11:762 Carpincho/(10675:10676): CALL_IO a PILETA carpincho 1
[INFO] 02:20:11:762 Carpincho/(10675:10676): Vamos a usar la pileta...
[INFO] 02:20:11:762 Carpincho/(10675:10682): Carpincho creado correctamente con el pid: 3
[INFO] 02:20:11:762 Carpincho/(10675:10682): CALL_IO a PILETA carpincho 3
[INFO] 02:20:11:762 Carpincho/(10675:10682): Vamos a usar la pileta...
[INFO] 02:20:11:766 Carpincho/(10675:10682): RESPUESA DE IO RECIBIDA 0 
[INFO] 02:20:11:766 Carpincho/(10675:10682): MATE IO ESPERANDO OK DEL PROCESADOR PARA SEGUIR carpincho 3


[INFO] 02:20:11:766 Carpincho/(10675:10676): RESPUESA DE IO RECIBIDA 0 
[INFO] 02:20:11:766 Carpincho/(10675:10676): MATE IO ESPERANDO OK DEL PROCESADOR PARA SEGUIR carpincho 1


[INFO] 02:20:16:603 Carpincho/(10675:10679): 
_____llego del procesador un OK para el caprincho 2


[INFO] 02:20:16:603 Carpincho/(10675:10679): Se realizó el CALL IO correctamente
[INFO] 02:20:16:604 Carpincho/(10675:10679): CALL_IO a PILETA carpincho 2
[INFO] 02:20:16:604 Carpincho/(10675:10679): Vamos a usar la pileta...
[INFO] 02:20:16:604 Carpincho/(10675:10679): RESPUESA DE IO RECIBIDA 0 
[INFO] 02:20:16:604 Carpincho/(10675:10679): MATE IO ESPERANDO OK DEL PROCESADOR PARA SEGUIR carpincho 2


[INFO] 02:20:26:606 Carpincho/(10675:10682): 
_____llego del procesador un OK para el caprincho 3


[INFO] 02:20:26:606 Carpincho/(10675:10682): Se realizó el CALL IO correctamente
[INFO] 02:20:26:606 Carpincho/(10675:10682): CALL_IO a PILETA carpincho 3
[INFO] 02:20:26:606 Carpincho/(10675:10682): Vamos a usar la pileta...
[INFO] 02:20:26:607 Carpincho/(10675:10682): RESPUESA DE IO RECIBIDA 0 
[INFO] 02:20:26:607 Carpincho/(10675:10682): MATE IO ESPERANDO OK DEL PROCESADOR PARA SEGUIR carpincho 3


[INFO] 02:20:31:611 Carpincho/(10675:10679): 
_____llego del procesador un OK para el caprincho 2


[INFO] 02:20:31:612 Carpincho/(10675:10679): Se realizó el CALL IO correctamente
[INFO] 02:20:31:613 Carpincho/(10675:10679): CALL_IO a PILETA carpincho 2
[INFO] 02:20:31:613 Carpincho/(10675:10679): Vamos a usar la pileta...
[INFO] 02:20:31:613 Carpincho/(10675:10679): RESPUESA DE IO RECIBIDA 0 
[INFO] 02:20:31:614 Carpincho/(10675:10679): MATE IO ESPERANDO OK DEL PROCESADOR PARA SEGUIR carpincho 2


[INFO] 02:20:36:608 Carpincho/(10675:10682): 
_____llego del procesador un OK para el caprincho 3


[INFO] 02:20:36:608 Carpincho/(10675:10682): Se realizó el CALL IO correctamente
[INFO] 02:20:36:608 Carpincho/(10675:10682): CALL_IO a PILETA carpincho 3
[INFO] 02:20:36:608 Carpincho/(10675:10682): Vamos a usar la pileta...
[INFO] 02:20:36:608 Carpincho/(10675:10682): RESPUESA DE IO RECIBIDA 0 
[INFO] 02:20:36:608 Carpincho/(10675:10682): MATE IO ESPERANDO OK DEL PROCESADOR PARA SEGUIR carpincho 3


[INFO] 02:20:41:609 Carpincho/(10675:10679): 
_____llego del procesador un OK para el caprincho 2


[INFO] 02:20:41:609 Carpincho/(10675:10679): Se realizó el CALL IO correctamente
[INFO] 02:20:41:610 Carpincho/(10675:10679): MATE_CLOSE carpincho 2
[INFO] 02:20:41:610 Carpincho/(10675:10679): MATE_CLOSE: mensaje enviado a kernel
[INFO] 02:20:41:610 Carpincho/(10675:10679): Carpincho eliminado
[INFO] 02:20:41:611 Carpincho/(10675:10676): 
_____llego del procesador un OK para el caprincho 1


[INFO] 02:20:41:611 Carpincho/(10675:10676): Se realizó el CALL IO correctamente
[INFO] 02:20:41:611 Carpincho/(10675:10676): MEM_FREE a la dirección 9
[INFO] 02:20:42:847 Carpincho/(10675:10676): Se realizó el MEM_FREE correctamente
[INFO] 02:20:42:847 Carpincho/(10675:10676): CALL_IO a PILETA carpincho 1
[INFO] 02:20:42:847 Carpincho/(10675:10676): Vamos a usar la pileta...
[INFO] 02:20:42:851 Carpincho/(10675:10676): RESPUESA DE IO RECIBIDA 0 
[INFO] 02:20:42:851 Carpincho/(10675:10676): MATE IO ESPERANDO OK DEL PROCESADOR PARA SEGUIR carpincho 1


[INFO] 02:20:46:611 Carpincho/(10675:10682): 
_____llego del procesador un OK para el caprincho 3


[INFO] 02:20:46:611 Carpincho/(10675:10682): Se realizó el CALL IO correctamente
[INFO] 02:20:46:611 Carpincho/(10675:10682): MATE_CLOSE carpincho 3
[INFO] 02:20:46:611 Carpincho/(10675:10682): MATE_CLOSE: mensaje enviado a kernel
[INFO] 02:20:46:611 Carpincho/(10675:10682): Carpincho eliminado
[INFO] 02:20:51:615 Carpincho/(10675:10676): 
_____llego del procesador un OK para el caprincho 1


[INFO] 02:20:51:615 Carpincho/(10675:10676): Se realizó el CALL IO correctamente
[INFO] 02:20:51:615 Carpincho/(10675:10676): MATE_CLOSE carpincho 1
[INFO] 02:20:51:615 Carpincho/(10675:10676): MATE_CLOSE: mensaje enviado a kernel
[INFO] 02:20:51:615 Carpincho/(10675:10676): Carpincho eliminado
[INFO] 02:23:05:436 Carpincho/(11180:11181): Log creado
[INFO] 02:23:05:436 Carpincho/(11180:11181): Esperando respuesta de servidor
[INFO] 02:23:05:438 Carpincho/(11180:11181): 
NUEVO CARPINCHO

[INFO] 02:23:05:489 Carpincho/(11180:11181): Carpincho creado correctamente con el pid: 1
[INFO] 02:23:05:489 Carpincho/(11180:11181): CALL_IO a PILETA carpincho 1
[INFO] 02:23:05:489 Carpincho/(11180:11181): Vamos a usar la pileta...
[INFO] 02:23:05:490 Carpincho/(11180:11181): RESPUESA DE IO RECIBIDA 0 
[INFO] 02:23:05:490 Carpincho/(11180:11181): MATE IO ESPERANDO OK DEL PROCESADOR PARA SEGUIR carpincho 1


[INFO] 02:23:06:436 Carpincho/(11180:11184): Log creado
[INFO] 02:23:06:437 Carpincho/(11180:11184): Esperando respuesta de servidor
[INFO] 02:23:06:438 Carpincho/(11180:11184): 
NUEVO CARPINCHO

[INFO] 02:23:06:534 Carpincho/(11180:11184): Carpincho creado correctamente con el pid: 2
[INFO] 02:23:06:535 Carpincho/(11180:11184): CALL_IO a PILETA carpincho 2
[INFO] 02:23:06:535 Carpincho/(11180:11184): Vamos a usar la pileta...
[INFO] 02:23:06:536 Carpincho/(11180:11184): RESPUESA DE IO RECIBIDA 0 
[INFO] 02:23:06:536 Carpincho/(11180:11184): MATE IO ESPERANDO OK DEL PROCESADOR PARA SEGUIR carpincho 2


[INFO] 02:23:07:448 Carpincho/(11180:11187): Log creado
[INFO] 02:23:07:448 Carpincho/(11180:11187): Esperando respuesta de servidor
[INFO] 02:23:07:457 Carpincho/(11180:11187): 
NUEVO CARPINCHO

[INFO] 02:23:10:505 Carpincho/(11180:11181): 
_____llego del procesador un OK para el caprincho 1


[INFO] 02:23:10:505 Carpincho/(11180:11181): Se realizó el CALL IO correctamente
[INFO] 02:23:10:506 Carpincho/(11180:11181): MEM_ALLOC de 10
[INFO] 02:23:10:599 Carpincho/(11180:11181): Se realizó el MEM_ALLOC correctamente. La dirección lógica es 9
[INFO] 02:23:10:599 Carpincho/(11180:11181): MEM_WRITE el mensaje HOLA en 9
[INFO] 02:23:10:600 Carpincho/(11180:11181): Se realizó el MEM_WRITE correctamente
[INFO] 02:23:10:601 Carpincho/(11180:11181): MEM_READ desde 9 el size 4
[INFO] 02:23:10:720 Carpincho/(11180:11181): Se realizó el MEM_READ correctamente. El contenido es: HOLA	
[INFO] 02:23:10:721 Carpincho/(11180:11181): CALL_IO a PILETA carpincho 1
[INFO] 02:23:10:721 Carpincho/(11180:11181): Vamos a usar la pileta...
[INFO] 02:23:10:721 Carpincho/(11180:11187): Carpincho creado correctamente con el pid: 3
[INFO] 02:23:10:721 Carpincho/(11180:11187): CALL_IO a PILETA carpincho 3
[INFO] 02:23:10:721 Carpincho/(11180:11187): Vamos a usar la pileta...
[INFO] 02:23:10:722 Carpincho/(11180:11187): RESPUESA DE IO RECIBIDA 0 
[INFO] 02:23:10:722 Carpincho/(11180:11187): MATE IO ESPERANDO OK DEL PROCESADOR PARA SEGUIR carpincho 3


[INFO] 02:23:10:728 Carpincho/(11180:11181): RESPUESA DE IO RECIBIDA 0 
[INFO] 02:23:10:728 Carpincho/(11180:11181): MATE IO ESPERANDO OK DEL PROCESADOR PARA SEGUIR carpincho 1


[INFO] 02:23:15:506 Carpincho/(11180:11184): 
_____llego del procesador un OK para el caprincho 2


[INFO] 02:23:15:507 Carpincho/(11180:11184): Se realizó el CALL IO correctamente
[INFO] 02:23:15:508 Carpincho/(11180:11184): CALL_IO a PILETA carpincho 2
[INFO] 02:23:15:508 Carpincho/(11180:11184): Vamos a usar la pileta...
[INFO] 02:23:15:509 Carpincho/(11180:11184): RESPUESA DE IO RECIBIDA 0 
[INFO] 02:23:15:509 Carpincho/(11180:11184): MATE IO ESPERANDO OK DEL PROCESADOR PARA SEGUIR carpincho 2


[INFO] 02:23:25:510 Carpincho/(11180:11187): 
_____llego del procesador un OK para el caprincho 3


[INFO] 02:23:25:511 Carpincho/(11180:11187): Se realizó el CALL IO correctamente
[INFO] 02:23:25:511 Carpincho/(11180:11187): CALL_IO a PILETA carpincho 3
[INFO] 02:23:25:511 Carpincho/(11180:11187): Vamos a usar la pileta...
[INFO] 02:23:25:512 Carpincho/(11180:11187): RESPUESA DE IO RECIBIDA 0 
[INFO] 02:23:25:512 Carpincho/(11180:11187): MATE IO ESPERANDO OK DEL PROCESADOR PARA SEGUIR carpincho 3


[INFO] 02:23:30:511 Carpincho/(11180:11184): 
_____llego del procesador un OK para el caprincho 2


[INFO] 02:23:30:511 Carpincho/(11180:11184): Se realizó el CALL IO correctamente
[INFO] 02:23:30:511 Carpincho/(11180:11184): CALL_IO a PILETA carpincho 2
[INFO] 02:23:30:511 Carpincho/(11180:11184): Vamos a usar la pileta...
[INFO] 02:23:30:513 Carpincho/(11180:11184): RESPUESA DE IO RECIBIDA 0 
[INFO] 02:23:30:513 Carpincho/(11180:11184): MATE IO ESPERANDO OK DEL PROCESADOR PARA SEGUIR carpincho 2


[INFO] 02:23:35:512 Carpincho/(11180:11187): 
_____llego del procesador un OK para el caprincho 3


[INFO] 02:23:35:512 Carpincho/(11180:11187): Se realizó el CALL IO correctamente
[INFO] 02:23:35:513 Carpincho/(11180:11187): CALL_IO a PILETA carpincho 3
[INFO] 02:23:35:513 Carpincho/(11180:11187): Vamos a usar la pileta...
[INFO] 02:23:35:513 Carpincho/(11180:11187): RESPUESA DE IO RECIBIDA 0 
[INFO] 02:23:35:513 Carpincho/(11180:11187): MATE IO ESPERANDO OK DEL PROCESADOR PARA SEGUIR carpincho 3


[INFO] 02:23:40:515 Carpincho/(11180:11184): 
_____llego del procesador un OK para el caprincho 2


[INFO] 02:23:40:515 Carpincho/(11180:11184): Se realizó el CALL IO correctamente
[INFO] 02:23:40:516 Carpincho/(11180:11184): MATE_CLOSE carpincho 2
[INFO] 02:23:40:516 Carpincho/(11180:11184): MATE_CLOSE: mensaje enviado a kernel
[INFO] 02:23:40:516 Carpincho/(11180:11184): Carpincho eliminado
[INFO] 02:23:40:526 Carpincho/(11180:11181): 
_____llego del procesador un OK para el caprincho 1


[INFO] 02:23:40:526 Carpincho/(11180:11181): Se realizó el CALL IO correctamente
[INFO] 02:23:40:526 Carpincho/(11180:11181): MEM_FREE a la dirección 9
[INFO] 02:23:42:256 Carpincho/(11180:11181): Se realizó el MEM_FREE correctamente
[INFO] 02:23:42:256 Carpincho/(11180:11181): CALL_IO a PILETA carpincho 1
[INFO] 02:23:42:256 Carpincho/(11180:11181): Vamos a usar la pileta...
[INFO] 02:23:42:261 Carpincho/(11180:11181): RESPUESA DE IO RECIBIDA 0 
[INFO] 02:23:42:264 Carpincho/(11180:11181): MATE IO ESPERANDO OK DEL PROCESADOR PARA SEGUIR carpincho 1


[INFO] 02:23:45:540 Carpincho/(11180:11187): 
_____llego del procesador un OK para el caprincho 3


[INFO] 02:23:45:540 Carpincho/(11180:11187): Se realizó el CALL IO correctamente
[INFO] 02:23:45:540 Carpincho/(11180:11187): MATE_CLOSE carpincho 3
[INFO] 02:23:45:540 Carpincho/(11180:11187): MATE_CLOSE: mensaje enviado a kernel
[INFO] 02:23:45:541 Carpincho/(11180:11187): Carpincho eliminado
[INFO] 02:23:50:560 Carpincho/(11180:11181): 
_____llego del procesador un OK para el caprincho 1


[INFO] 02:23:50:560 Carpincho/(11180:11181): Se realizó el CALL IO correctamente
[INFO] 02:23:50:565 Carpincho/(11180:11181): MATE_CLOSE carpincho 1
[INFO] 02:23:50:566 Carpincho/(11180:11181): MATE_CLOSE: mensaje enviado a kernel
[INFO] 02:23:50:566 Carpincho/(11180:11181): Carpincho eliminado
[INFO] 02:24:26:174 Carpincho/(11615:11616): Log creado
[INFO] 02:24:26:174 Carpincho/(11615:11616): Esperando respuesta de servidor
[INFO] 02:24:26:175 Carpincho/(11615:11616): 
NUEVO CARPINCHO

[INFO] 02:24:26:217 Carpincho/(11615:11616): Carpincho creado correctamente con el pid: 1
[INFO] 02:24:26:218 Carpincho/(11615:11616): CALL_IO a PILETA carpincho 1
[INFO] 02:24:26:218 Carpincho/(11615:11616): Vamos a usar la pileta...
[INFO] 02:24:26:218 Carpincho/(11615:11616): RESPUESA DE IO RECIBIDA 0 
[INFO] 02:24:26:218 Carpincho/(11615:11616): MATE IO ESPERANDO OK DEL PROCESADOR PARA SEGUIR carpincho 1


[INFO] 02:24:27:181 Carpincho/(11615:11622): Log creado
[INFO] 02:24:27:182 Carpincho/(11615:11622): Esperando respuesta de servidor
[INFO] 02:24:27:189 Carpincho/(11615:11622): 
NUEVO CARPINCHO

[INFO] 02:24:27:269 Carpincho/(11615:11622): Carpincho creado correctamente con el pid: 2
[INFO] 02:24:27:269 Carpincho/(11615:11622): CALL_IO a PILETA carpincho 2
[INFO] 02:24:27:269 Carpincho/(11615:11622): Vamos a usar la pileta...
[INFO] 02:24:27:269 Carpincho/(11615:11622): RESPUESA DE IO RECIBIDA 0 
[INFO] 02:24:27:270 Carpincho/(11615:11622): MATE IO ESPERANDO OK DEL PROCESADOR PARA SEGUIR carpincho 2


[INFO] 02:24:28:185 Carpincho/(11615:11626): Log creado
[INFO] 02:24:28:186 Carpincho/(11615:11626): Esperando respuesta de servidor
[INFO] 02:24:28:192 Carpincho/(11615:11626): 
NUEVO CARPINCHO

[INFO] 02:24:31:220 Carpincho/(11615:11616): 
_____llego del procesador un OK para el caprincho 1


[INFO] 02:24:31:220 Carpincho/(11615:11616): Se realizó el CALL IO correctamente
[INFO] 02:24:31:220 Carpincho/(11615:11616): MEM_ALLOC de 10
[INFO] 02:24:31:261 Carpincho/(11615:11616): Se realizó el MEM_ALLOC correctamente. La dirección lógica es 9
[INFO] 02:24:31:261 Carpincho/(11615:11616): MEM_WRITE el mensaje HOLA en 9
[INFO] 02:24:31:262 Carpincho/(11615:11616): Se realizó el MEM_WRITE correctamente
[INFO] 02:24:31:262 Carpincho/(11615:11616): MEM_READ desde 9 el size 4
[INFO] 02:24:31:382 Carpincho/(11615:11616): Se realizó el MEM_READ correctamente. El contenido es: HOLA	
[INFO] 02:24:31:382 Carpincho/(11615:11616): CALL_IO a PILETA carpincho 1
[INFO] 02:24:31:382 Carpincho/(11615:11616): Vamos a usar la pileta...
[INFO] 02:24:31:382 Carpincho/(11615:11626): Carpincho creado correctamente con el pid: 3
[INFO] 02:24:31:383 Carpincho/(11615:11626): CALL_IO a PILETA carpincho 3
[INFO] 02:24:31:383 Carpincho/(11615:11626): Vamos a usar la pileta...
[INFO] 02:24:31:383 Carpincho/(11615:11626): RESPUESA DE IO RECIBIDA 0 
[INFO] 02:24:31:383 Carpincho/(11615:11626): MATE IO ESPERANDO OK DEL PROCESADOR PARA SEGUIR carpincho 3


[INFO] 02:24:31:383 Carpincho/(11615:11616): RESPUESA DE IO RECIBIDA 0 
[INFO] 02:24:31:383 Carpincho/(11615:11616): MATE IO ESPERANDO OK DEL PROCESADOR PARA SEGUIR carpincho 1


[INFO] 02:24:36:222 Carpincho/(11615:11622): 
_____llego del procesador un OK para el caprincho 2


[INFO] 02:24:36:222 Carpincho/(11615:11622): Se realizó el CALL IO correctamente
[INFO] 02:24:36:223 Carpincho/(11615:11622): CALL_IO a PILETA carpincho 2
[INFO] 02:24:36:223 Carpincho/(11615:11622): Vamos a usar la pileta...
[INFO] 02:24:36:223 Carpincho/(11615:11622): RESPUESA DE IO RECIBIDA 0 
[INFO] 02:24:36:224 Carpincho/(11615:11622): MATE IO ESPERANDO OK DEL PROCESADOR PARA SEGUIR carpincho 2


[INFO] 02:24:46:227 Carpincho/(11615:11626): 
_____llego del procesador un OK para el caprincho 3


[INFO] 02:24:46:227 Carpincho/(11615:11626): Se realizó el CALL IO correctamente
[INFO] 02:24:46:227 Carpincho/(11615:11626): CALL_IO a PILETA carpincho 3
[INFO] 02:24:46:227 Carpincho/(11615:11626): Vamos a usar la pileta...
[INFO] 02:24:46:228 Carpincho/(11615:11626): RESPUESA DE IO RECIBIDA 0 
[INFO] 02:24:46:228 Carpincho/(11615:11626): MATE IO ESPERANDO OK DEL PROCESADOR PARA SEGUIR carpincho 3


[INFO] 02:24:51:231 Carpincho/(11615:11622): 
_____llego del procesador un OK para el caprincho 2


[INFO] 02:24:51:231 Carpincho/(11615:11622): Se realizó el CALL IO correctamente
[INFO] 02:24:51:232 Carpincho/(11615:11622): CALL_IO a PILETA carpincho 2
[INFO] 02:24:51:232 Carpincho/(11615:11622): Vamos a usar la pileta...
[INFO] 02:24:51:234 Carpincho/(11615:11622): RESPUESA DE IO RECIBIDA 0 
[INFO] 02:24:51:234 Carpincho/(11615:11622): MATE IO ESPERANDO OK DEL PROCESADOR PARA SEGUIR carpincho 2


[INFO] 02:24:56:248 Carpincho/(11615:11626): 
_____llego del procesador un OK para el caprincho 3


[INFO] 02:24:56:248 Carpincho/(11615:11626): Se realizó el CALL IO correctamente
[INFO] 02:24:56:255 Carpincho/(11615:11626): CALL_IO a PILETA carpincho 3
[INFO] 02:24:56:255 Carpincho/(11615:11626): Vamos a usar la pileta...
[INFO] 02:24:56:283 Carpincho/(11615:11626): RESPUESA DE IO RECIBIDA 0 
[INFO] 02:24:56:283 Carpincho/(11615:11626): MATE IO ESPERANDO OK DEL PROCESADOR PARA SEGUIR carpincho 3


[INFO] 02:25:01:296 Carpincho/(11615:11622): 
_____llego del procesador un OK para el caprincho 2


[INFO] 02:25:01:296 Carpincho/(11615:11622): Se realizó el CALL IO correctamente
[INFO] 02:25:01:297 Carpincho/(11615:11622): MATE_CLOSE carpincho 2
[INFO] 02:25:01:307 Carpincho/(11615:11616): 
_____llego del procesador un OK para el caprincho 1


[INFO] 02:25:01:369 Carpincho/(11615:11616): Se realizó el CALL IO correctamente
[INFO] 02:25:01:369 Carpincho/(11615:11616): MEM_FREE a la dirección 9
[INFO] 02:25:01:297 Carpincho/(11615:11622): MATE_CLOSE: mensaje enviado a kernel
[INFO] 02:25:01:370 Carpincho/(11615:11622): Carpincho eliminado
[INFO] 02:25:01:870 Carpincho/(11615:11616): Se realizó el MEM_FREE correctamente
[INFO] 02:25:01:870 Carpincho/(11615:11616): CALL_IO a PILETA carpincho 1
[INFO] 02:25:01:870 Carpincho/(11615:11616): Vamos a usar la pileta...
[INFO] 02:25:01:870 Carpincho/(11615:11616): RESPUESA DE IO RECIBIDA 0 
[INFO] 02:25:01:870 Carpincho/(11615:11616): MATE IO ESPERANDO OK DEL PROCESADOR PARA SEGUIR carpincho 1


[INFO] 02:25:06:289 Carpincho/(11615:11626): 
_____llego del procesador un OK para el caprincho 3


[INFO] 02:25:06:289 Carpincho/(11615:11626): Se realizó el CALL IO correctamente
[INFO] 02:25:06:289 Carpincho/(11615:11626): MATE_CLOSE carpincho 3
[INFO] 02:25:06:289 Carpincho/(11615:11626): MATE_CLOSE: mensaje enviado a kernel
[INFO] 02:25:06:289 Carpincho/(11615:11626): Carpincho eliminado
[INFO] 02:25:11:291 Carpincho/(11615:11616): 
_____llego del procesador un OK para el caprincho 1


[INFO] 02:25:11:291 Carpincho/(11615:11616): Se realizó el CALL IO correctamente
[INFO] 02:25:11:291 Carpincho/(11615:11616): MATE_CLOSE carpincho 1
[INFO] 02:25:11:291 Carpincho/(11615:11616): MATE_CLOSE: mensaje enviado a kernel
[INFO] 02:25:11:291 Carpincho/(11615:11616): Carpincho eliminado
[INFO] 02:43:52:552 Carpincho/(13713:13714): Log creado
[INFO] 02:43:52:552 Carpincho/(13713:13714): Esperando respuesta de servidor
[INFO] 02:43:52:554 Carpincho/(13713:13714): 
NUEVO CARPINCHO

[INFO] 02:43:52:609 Carpincho/(13713:13714): Carpincho creado correctamente con el pid: 1
[INFO] 02:43:52:609 Carpincho/(13713:13714): CALL_IO a PILETA carpincho 1
[INFO] 02:43:52:609 Carpincho/(13713:13714): Vamos a usar la pileta...
[INFO] 02:43:52:610 Carpincho/(13713:13714): RESPUESA DE IO RECIBIDA 0 
[INFO] 02:43:52:610 Carpincho/(13713:13714): MATE IO ESPERANDO OK DEL PROCESADOR PARA SEGUIR carpincho 1


[INFO] 02:43:53:554 Carpincho/(13713:13717): Log creado
[INFO] 02:43:53:556 Carpincho/(13713:13717): Esperando respuesta de servidor
[INFO] 02:43:53:565 Carpincho/(13713:13717): 
NUEVO CARPINCHO

[INFO] 02:43:53:652 Carpincho/(13713:13717): Carpincho creado correctamente con el pid: 2
[INFO] 02:43:53:653 Carpincho/(13713:13717): CALL_IO a PILETA carpincho 2
[INFO] 02:43:53:653 Carpincho/(13713:13717): Vamos a usar la pileta...
[INFO] 02:43:53:654 Carpincho/(13713:13717): RESPUESA DE IO RECIBIDA 0 
[INFO] 02:43:53:654 Carpincho/(13713:13717): MATE IO ESPERANDO OK DEL PROCESADOR PARA SEGUIR carpincho 2


[INFO] 02:43:54:556 Carpincho/(13713:13720): Log creado
[INFO] 02:43:54:556 Carpincho/(13713:13720): Esperando respuesta de servidor
[INFO] 02:43:54:561 Carpincho/(13713:13720): 
NUEVO CARPINCHO

[INFO] 02:43:57:638 Carpincho/(13713:13714): 
_____llego del procesador un OK para el caprincho 1


[INFO] 02:43:57:638 Carpincho/(13713:13714): Se realizó el CALL IO correctamente
[INFO] 02:43:57:638 Carpincho/(13713:13714): MEM_ALLOC de 10
[INFO] 02:43:57:705 Carpincho/(13713:13714): Se realizó el MEM_ALLOC correctamente. La dirección lógica es 9
[INFO] 02:43:57:705 Carpincho/(13713:13714): MEM_WRITE el mensaje HOLA en 9
[INFO] 02:43:57:710 Carpincho/(13713:13714): Se realizó el MEM_WRITE correctamente
[INFO] 02:43:57:710 Carpincho/(13713:13714): MEM_READ desde 9 el size 4
[INFO] 02:43:57:829 Carpincho/(13713:13714): Se realizó el MEM_READ correctamente. El contenido es: HOLA+
[INFO] 02:43:57:829 Carpincho/(13713:13714): CALL_IO a PILETA carpincho 1
[INFO] 02:43:57:829 Carpincho/(13713:13714): Vamos a usar la pileta...
[INFO] 02:43:57:830 Carpincho/(13713:13720): Carpincho creado correctamente con el pid: 3
[INFO] 02:43:57:830 Carpincho/(13713:13720): CALL_IO a PILETA carpincho 3
[INFO] 02:43:57:830 Carpincho/(13713:13720): Vamos a usar la pileta...
[INFO] 02:43:57:830 Carpincho/(13713:13720): RESPUESA DE IO RECIBIDA 0 
[INFO] 02:43:57:830 Carpincho/(13713:13720): MATE IO ESPERANDO OK DEL PROCESADOR PARA SEGUIR carpincho 3


[INFO] 02:43:57:830 Carpincho/(13713:13714): RESPUESA DE IO RECIBIDA 0 
[INFO] 02:43:57:830 Carpincho/(13713:13714): MATE IO ESPERANDO OK DEL PROCESADOR PARA SEGUIR carpincho 1


[INFO] 02:44:02:675 Carpincho/(13713:13717): 
_____llego del procesador un OK para el caprincho 2


[INFO] 02:44:02:675 Carpincho/(13713:13717): Se realizó el CALL IO correctamente
[INFO] 02:44:02:675 Carpincho/(13713:13717): CALL_IO a PILETA carpincho 2
[INFO] 02:44:02:675 Carpincho/(13713:13717): Vamos a usar la pileta...
[INFO] 02:44:02:675 Carpincho/(13713:13717): RESPUESA DE IO RECIBIDA 0 
[INFO] 02:44:02:676 Carpincho/(13713:13717): MATE IO ESPERANDO OK DEL PROCESADOR PARA SEGUIR carpincho 2


[INFO] 02:44:12:676 Carpincho/(13713:13720): 
_____llego del procesador un OK para el caprincho 3


[INFO] 02:44:12:676 Carpincho/(13713:13720): Se realizó el CALL IO correctamente
[INFO] 02:44:12:676 Carpincho/(13713:13720): CALL_IO a PILETA carpincho 3
[INFO] 02:44:12:676 Carpincho/(13713:13720): Vamos a usar la pileta...
[INFO] 02:44:12:676 Carpincho/(13713:13720): RESPUESA DE IO RECIBIDA 0 
[INFO] 02:44:12:676 Carpincho/(13713:13720): MATE IO ESPERANDO OK DEL PROCESADOR PARA SEGUIR carpincho 3


[INFO] 02:44:17:679 Carpincho/(13713:13717): 
_____llego del procesador un OK para el caprincho 2


[INFO] 02:44:17:679 Carpincho/(13713:13717): Se realizó el CALL IO correctamente
[INFO] 02:44:17:680 Carpincho/(13713:13717): CALL_IO a PILETA carpincho 2
[INFO] 02:44:17:680 Carpincho/(13713:13717): Vamos a usar la pileta...
[INFO] 02:44:17:680 Carpincho/(13713:13717): RESPUESA DE IO RECIBIDA 0 
[INFO] 02:44:17:681 Carpincho/(13713:13717): MATE IO ESPERANDO OK DEL PROCESADOR PARA SEGUIR carpincho 2


[INFO] 02:44:22:682 Carpincho/(13713:13720): 
_____llego del procesador un OK para el caprincho 3


[INFO] 02:44:22:683 Carpincho/(13713:13720): Se realizó el CALL IO correctamente
[INFO] 02:44:22:683 Carpincho/(13713:13720): CALL_IO a PILETA carpincho 3
[INFO] 02:44:22:684 Carpincho/(13713:13720): Vamos a usar la pileta...
[INFO] 02:44:22:685 Carpincho/(13713:13720): RESPUESA DE IO RECIBIDA 0 
[INFO] 02:44:22:685 Carpincho/(13713:13720): MATE IO ESPERANDO OK DEL PROCESADOR PARA SEGUIR carpincho 3


[INFO] 02:44:27:687 Carpincho/(13713:13717): 
_____llego del procesador un OK para el caprincho 2


[INFO] 02:44:27:687 Carpincho/(13713:13717): Se realizó el CALL IO correctamente
[INFO] 02:44:27:688 Carpincho/(13713:13717): MATE_CLOSE carpincho 2
[INFO] 02:44:27:688 Carpincho/(13713:13717): MATE_CLOSE: mensaje enviado a kernel
[INFO] 02:44:27:688 Carpincho/(13713:13717): Carpincho eliminado
[INFO] 02:44:27:691 Carpincho/(13713:13714): 
_____llego del procesador un OK para el caprincho 1


[INFO] 02:44:27:691 Carpincho/(13713:13714): Se realizó el CALL IO correctamente
[INFO] 02:44:27:691 Carpincho/(13713:13714): MEM_FREE a la dirección 9
[INFO] 02:44:28:840 Carpincho/(13713:13714): Se realizó el MEM_FREE correctamente
[INFO] 02:44:28:840 Carpincho/(13713:13714): CALL_IO a PILETA carpincho 1
[INFO] 02:44:28:840 Carpincho/(13713:13714): Vamos a usar la pileta...
[INFO] 02:44:28:842 Carpincho/(13713:13714): RESPUESA DE IO RECIBIDA 0 
[INFO] 02:44:28:842 Carpincho/(13713:13714): MATE IO ESPERANDO OK DEL PROCESADOR PARA SEGUIR carpincho 1


[INFO] 02:44:32:700 Carpincho/(13713:13720): 
_____llego del procesador un OK para el caprincho 3


[INFO] 02:44:32:700 Carpincho/(13713:13720): Se realizó el CALL IO correctamente
[INFO] 02:44:32:700 Carpincho/(13713:13720): MATE_CLOSE carpincho 3
[INFO] 02:44:32:701 Carpincho/(13713:13720): MATE_CLOSE: mensaje enviado a kernel
[INFO] 02:44:32:701 Carpincho/(13713:13720): Carpincho eliminado
[INFO] 02:44:37:707 Carpincho/(13713:13714): 
_____llego del procesador un OK para el caprincho 1


[INFO] 02:44:37:707 Carpincho/(13713:13714): Se realizó el CALL IO correctamente
[INFO] 02:44:37:707 Carpincho/(13713:13714): MATE_CLOSE carpincho 1
[INFO] 02:44:37:707 Carpincho/(13713:13714): MATE_CLOSE: mensaje enviado a kernel
[INFO] 02:44:37:707 Carpincho/(13713:13714): Carpincho eliminado
[INFO] 02:49:50:041 Carpincho/(14453:14454): Log creado
[INFO] 02:49:50:041 Carpincho/(14453:14454): Esperando respuesta de servidor
[INFO] 02:49:50:042 Carpincho/(14453:14454): 
NUEVO CARPINCHO

[INFO] 02:49:50:098 Carpincho/(14453:14454): Carpincho creado correctamente con el pid: 1
[INFO] 02:49:50:098 Carpincho/(14453:14454): CALL_IO a PILETA carpincho 1
[INFO] 02:49:50:098 Carpincho/(14453:14454): Vamos a usar la pileta...
[INFO] 02:49:50:099 Carpincho/(14453:14454): RESPUESA DE IO RECIBIDA 0 
[INFO] 02:49:50:099 Carpincho/(14453:14454): MATE IO ESPERANDO OK DEL PROCESADOR PARA SEGUIR carpincho 1


[INFO] 02:49:51:050 Carpincho/(14453:14457): Log creado
[INFO] 02:49:51:074 Carpincho/(14453:14457): Esperando respuesta de servidor
[INFO] 02:49:51:108 Carpincho/(14453:14457): 
NUEVO CARPINCHO

[INFO] 02:49:51:201 Carpincho/(14453:14457): Carpincho creado correctamente con el pid: 2
[INFO] 02:49:51:202 Carpincho/(14453:14457): CALL_IO a PILETA carpincho 2
[INFO] 02:49:51:202 Carpincho/(14453:14457): Vamos a usar la pileta...
[INFO] 02:49:51:202 Carpincho/(14453:14457): RESPUESA DE IO RECIBIDA 0 
[INFO] 02:49:51:202 Carpincho/(14453:14457): MATE IO ESPERANDO OK DEL PROCESADOR PARA SEGUIR carpincho 2


[INFO] 02:49:52:045 Carpincho/(14453:14461): Log creado
[INFO] 02:49:52:046 Carpincho/(14453:14461): Esperando respuesta de servidor
[INFO] 02:49:52:050 Carpincho/(14453:14461): 
NUEVO CARPINCHO

[INFO] 02:49:55:100 Carpincho/(14453:14454): 
_____llego del procesador un OK para el caprincho 1


[INFO] 02:49:55:100 Carpincho/(14453:14454): Se realizó el CALL IO correctamente
[INFO] 02:49:55:100 Carpincho/(14453:14454): MEM_ALLOC de 10
[INFO] 02:49:55:140 Carpincho/(14453:14454): Se realizó el MEM_ALLOC correctamente. La dirección lógica es 9
[INFO] 02:49:55:140 Carpincho/(14453:14454): MEM_WRITE el mensaje HOLA en 9
[INFO] 02:49:55:141 Carpincho/(14453:14454): Se realizó el MEM_WRITE correctamente
[INFO] 02:49:55:141 Carpincho/(14453:14454): MEM_READ desde 9 el size 4
[INFO] 02:49:55:261 Carpincho/(14453:14454): Se realizó el MEM_READ correctamente. El contenido es: HOLA	
[INFO] 02:49:55:261 Carpincho/(14453:14454): CALL_IO a PILETA carpincho 1
[INFO] 02:49:55:261 Carpincho/(14453:14454): Vamos a usar la pileta...
[INFO] 02:49:55:262 Carpincho/(14453:14461): Carpincho creado correctamente con el pid: 3
[INFO] 02:49:55:262 Carpincho/(14453:14461): CALL_IO a PILETA carpincho 3
[INFO] 02:49:55:262 Carpincho/(14453:14461): Vamos a usar la pileta...
[INFO] 02:49:55:262 Carpincho/(14453:14461): RESPUESA DE IO RECIBIDA 0 
[INFO] 02:49:55:262 Carpincho/(14453:14461): MATE IO ESPERANDO OK DEL PROCESADOR PARA SEGUIR carpincho 3


[INFO] 02:49:55:262 Carpincho/(14453:14454): RESPUESA DE IO RECIBIDA 0 
[INFO] 02:49:55:262 Carpincho/(14453:14454): MATE IO ESPERANDO OK DEL PROCESADOR PARA SEGUIR carpincho 1


[INFO] 02:50:00:101 Carpincho/(14453:14457): 
_____llego del procesador un OK para el caprincho 2


[INFO] 02:50:00:101 Carpincho/(14453:14457): Se realizó el CALL IO correctamente
[INFO] 02:50:00:101 Carpincho/(14453:14457): CALL_IO a PILETA carpincho 2
[INFO] 02:50:00:101 Carpincho/(14453:14457): Vamos a usar la pileta...
[INFO] 02:50:00:101 Carpincho/(14453:14457): RESPUESA DE IO RECIBIDA 0 
[INFO] 02:50:00:101 Carpincho/(14453:14457): MATE IO ESPERANDO OK DEL PROCESADOR PARA SEGUIR carpincho 2


[INFO] 02:50:10:103 Carpincho/(14453:14461): 
_____llego del procesador un OK para el caprincho 3


[INFO] 02:50:10:103 Carpincho/(14453:14461): Se realizó el CALL IO correctamente
[INFO] 02:50:10:104 Carpincho/(14453:14461): CALL_IO a PILETA carpincho 3
[INFO] 02:50:10:104 Carpincho/(14453:14461): Vamos a usar la pileta...
[INFO] 02:50:10:104 Carpincho/(14453:14461): RESPUESA DE IO RECIBIDA 0 
[INFO] 02:50:10:104 Carpincho/(14453:14461): MATE IO ESPERANDO OK DEL PROCESADOR PARA SEGUIR carpincho 3


[INFO] 02:50:15:104 Carpincho/(14453:14457): 
_____llego del procesador un OK para el caprincho 2


[INFO] 02:50:15:104 Carpincho/(14453:14457): Se realizó el CALL IO correctamente
[INFO] 02:50:15:104 Carpincho/(14453:14457): CALL_IO a PILETA carpincho 2
[INFO] 02:50:15:104 Carpincho/(14453:14457): Vamos a usar la pileta...
[INFO] 02:50:15:104 Carpincho/(14453:14457): RESPUESA DE IO RECIBIDA 0 
[INFO] 02:50:15:104 Carpincho/(14453:14457): MATE IO ESPERANDO OK DEL PROCESADOR PARA SEGUIR carpincho 2


[INFO] 02:50:20:104 Carpincho/(14453:14461): 
_____llego del procesador un OK para el caprincho 3


[INFO] 02:50:20:104 Carpincho/(14453:14461): Se realizó el CALL IO correctamente
[INFO] 02:50:20:104 Carpincho/(14453:14461): CALL_IO a PILETA carpincho 3
[INFO] 02:50:20:104 Carpincho/(14453:14461): Vamos a usar la pileta...
[INFO] 02:50:20:105 Carpincho/(14453:14461): RESPUESA DE IO RECIBIDA 0 
[INFO] 02:50:20:105 Carpincho/(14453:14461): MATE IO ESPERANDO OK DEL PROCESADOR PARA SEGUIR carpincho 3


[INFO] 02:50:25:105 Carpincho/(14453:14457): 
_____llego del procesador un OK para el caprincho 2


[INFO] 02:50:25:106 Carpincho/(14453:14457): Se realizó el CALL IO correctamente
[INFO] 02:50:25:106 Carpincho/(14453:14457): MATE_CLOSE carpincho 2
[INFO] 02:50:25:106 Carpincho/(14453:14457): MATE_CLOSE: mensaje enviado a kernel
[INFO] 02:50:25:106 Carpincho/(14453:14457): Carpincho eliminado
[INFO] 02:50:25:109 Carpincho/(14453:14454): 
_____llego del procesador un OK para el caprincho 1


[INFO] 02:50:25:109 Carpincho/(14453:14454): Se realizó el CALL IO correctamente
[INFO] 02:50:25:109 Carpincho/(14453:14454): MEM_FREE a la dirección 9
[INFO] 02:50:25:691 Carpincho/(14453:14454): Se realizó el MEM_FREE correctamente
[INFO] 02:50:25:692 Carpincho/(14453:14454): CALL_IO a PILETA carpincho 1
[INFO] 02:50:25:692 Carpincho/(14453:14454): Vamos a usar la pileta...
[INFO] 02:50:25:692 Carpincho/(14453:14454): RESPUESA DE IO RECIBIDA 0 
[INFO] 02:50:25:692 Carpincho/(14453:14454): MATE IO ESPERANDO OK DEL PROCESADOR PARA SEGUIR carpincho 1


[INFO] 02:50:30:106 Carpincho/(14453:14461): 
_____llego del procesador un OK para el caprincho 3


[INFO] 02:50:30:106 Carpincho/(14453:14461): Se realizó el CALL IO correctamente
[INFO] 02:50:30:106 Carpincho/(14453:14461): MATE_CLOSE carpincho 3
[INFO] 02:50:30:106 Carpincho/(14453:14461): MATE_CLOSE: mensaje enviado a kernel
[INFO] 02:50:30:106 Carpincho/(14453:14461): Carpincho eliminado
[INFO] 02:50:35:107 Carpincho/(14453:14454): 
_____llego del procesador un OK para el caprincho 1


[INFO] 02:50:35:107 Carpincho/(14453:14454): Se realizó el CALL IO correctamente
[INFO] 02:50:35:107 Carpincho/(14453:14454): MATE_CLOSE carpincho 1
[INFO] 02:50:35:107 Carpincho/(14453:14454): MATE_CLOSE: mensaje enviado a kernel
[INFO] 02:50:35:107 Carpincho/(14453:14454): Carpincho eliminado
